TRACE::2024-10-14.13:04:31::SCWPlatform::Trying to open the hw design at C:/Users/mdsmith/workspace2/Lab1B/hw/system_wrapper.xsa
TRACE::2024-10-14.13:04:31::SCWPlatform::DSA given C:/Users/mdsmith/workspace2/Lab1B/hw/system_wrapper.xsa
TRACE::2024-10-14.13:04:31::SCWPlatform::DSA absoulate path C:/Users/mdsmith/workspace2/Lab1B/hw/system_wrapper.xsa
TRACE::2024-10-14.13:04:31::SCWPlatform::DSA directory C:/Users/mdsmith/workspace2/Lab1B/hw
TRACE::2024-10-14.13:04:31::SCWPlatform:: Platform Path C:/Users/mdsmith/workspace2/Lab1B/hw/system_wrapper.xsa
TRACE::2024-10-14.13:04:31::SCWPlatform:: Unique name xilinx:::0.0
TRACE::2024-10-14.13:04:31::SCWPlatform::Do not have an existing db opened. 
TRACE::2024-10-14.13:04:31::SCWPlatform::Opened new HwDB with name system_wrapper_1
TRACE::2024-10-14.13:04:31::SCWWriter::formatted JSON is {
	"platformName":	"Lab1B",
	"sprVersion":	"2.0",
	"mode":	"gui",
	"dsaType":	"Fixed",
	"platformDesc":	"Lab1B",
	"platHandOff":	"C:/Users/mdsmith/Lab1A/system_wrapper.xsa",
	"platIntHandOff":	"<platformDir>/hw/system_wrapper.xsa",
	"deviceType":	"FPGA",
	"platIsPrebuiltAutogen":	"false",
	"platIsNoBootBsp":	"false",
	"hasFsblMakeHasChanges":	"false",
	"hasPmufwMakeHasChanges":	"false",
	"platPreBuiltFlag":	false,
	"platformSamplesDir":	""
}
TRACE::2024-10-14.13:04:31::SCWWriter::formatted JSON is {
	"platformName":	"Lab1B",
	"sprVersion":	"2.0",
	"mode":	"gui",
	"dsaType":	"Fixed",
	"platformDesc":	"Lab1B",
	"platHandOff":	"C:/Users/mdsmith/Lab1A/system_wrapper.xsa",
	"platIntHandOff":	"<platformDir>/hw/system_wrapper.xsa",
	"deviceType":	"FPGA",
	"platIsPrebuiltAutogen":	"false",
	"platIsNoBootBsp":	"false",
	"hasFsblMakeHasChanges":	"false",
	"hasPmufwMakeHasChanges":	"false",
	"platPreBuiltFlag":	false,
	"platformSamplesDir":	"",
	"platActiveSys":	"Lab1B",
	"systems":	[{
			"systemName":	"Lab1B",
			"systemDesc":	"Lab1B",
			"sysIsBootAutoGen":	"true",
			"systemDispName":	"Lab1B"
		}]
}
TRACE::2024-10-14.13:04:31::SCWPlatform::Boot application domains not present, creating them
TRACE::2024-10-14.13:04:31::SCWPlatform::Pure FPGA device, no boot application will be created.
TRACE::2024-10-14.13:04:31::SCWWriter::formatted JSON is {
	"platformName":	"Lab1B",
	"sprVersion":	"2.0",
	"mode":	"gui",
	"dsaType":	"Fixed",
	"platformDesc":	"Lab1B",
	"platHandOff":	"C:/Users/mdsmith/Lab1A/system_wrapper.xsa",
	"platIntHandOff":	"<platformDir>/hw/system_wrapper.xsa",
	"deviceType":	"FPGA",
	"platIsPrebuiltAutogen":	"false",
	"platIsNoBootBsp":	"false",
	"hasFsblMakeHasChanges":	"false",
	"hasPmufwMakeHasChanges":	"false",
	"platPreBuiltFlag":	false,
	"platformSamplesDir":	"",
	"platActiveSys":	"Lab1B",
	"systems":	[{
			"systemName":	"Lab1B",
			"systemDesc":	"Lab1B",
			"sysIsBootAutoGen":	"true",
			"systemDispName":	"Lab1B"
		}]
}
TRACE::2024-10-14.13:04:31::SCWPlatform::Trying to open the hw design at C:/Users/mdsmith/workspace2/Lab1B/hw/system_wrapper.xsa
TRACE::2024-10-14.13:04:31::SCWPlatform::DSA given C:/Users/mdsmith/workspace2/Lab1B/hw/system_wrapper.xsa
TRACE::2024-10-14.13:04:31::SCWPlatform::DSA absoulate path C:/Users/mdsmith/workspace2/Lab1B/hw/system_wrapper.xsa
TRACE::2024-10-14.13:04:31::SCWPlatform::DSA directory C:/Users/mdsmith/workspace2/Lab1B/hw
TRACE::2024-10-14.13:04:31::SCWPlatform:: Platform Path C:/Users/mdsmith/workspace2/Lab1B/hw/system_wrapper.xsa
TRACE::2024-10-14.13:04:31::SCWPlatform:: Unique name xilinx:::0.0
TRACE::2024-10-14.13:04:31::SCWPlatform::Trying to set the existing hwdb with name system_wrapper_1
TRACE::2024-10-14.13:04:31::SCWPlatform::Opened existing hwdb system_wrapper_1
TRACE::2024-10-14.13:04:31::SCWPlatform::Found the Hw Db part of the input DSA
TRACE::2024-10-14.13:04:31::SCWPlatform::Trying to open the hw design at C:/Users/mdsmith/workspace2/Lab1B/hw/system_wrapper.xsa
TRACE::2024-10-14.13:04:31::SCWPlatform::DSA given C:/Users/mdsmith/workspace2/Lab1B/hw/system_wrapper.xsa
TRACE::2024-10-14.13:04:31::SCWPlatform::DSA absoulate path C:/Users/mdsmith/workspace2/Lab1B/hw/system_wrapper.xsa
TRACE::2024-10-14.13:04:31::SCWPlatform::DSA directory C:/Users/mdsmith/workspace2/Lab1B/hw
TRACE::2024-10-14.13:04:31::SCWPlatform:: Platform Path C:/Users/mdsmith/workspace2/Lab1B/hw/system_wrapper.xsa
TRACE::2024-10-14.13:04:31::SCWPlatform:: Unique name xilinx:::0.0
TRACE::2024-10-14.13:04:31::SCWPlatform::Trying to set the existing hwdb with name system_wrapper_1
TRACE::2024-10-14.13:04:31::SCWPlatform::Opened existing hwdb system_wrapper_1
TRACE::2024-10-14.13:04:31::SCWPlatform::Found the Hw Db part of the input DSA
TRACE::2024-10-14.13:04:31::SCWPlatform::Trying to open the hw design at C:/Users/mdsmith/workspace2/Lab1B/hw/system_wrapper.xsa
TRACE::2024-10-14.13:04:31::SCWPlatform::DSA given C:/Users/mdsmith/workspace2/Lab1B/hw/system_wrapper.xsa
TRACE::2024-10-14.13:04:31::SCWPlatform::DSA absoulate path C:/Users/mdsmith/workspace2/Lab1B/hw/system_wrapper.xsa
TRACE::2024-10-14.13:04:31::SCWPlatform::DSA directory C:/Users/mdsmith/workspace2/Lab1B/hw
TRACE::2024-10-14.13:04:31::SCWPlatform:: Platform Path C:/Users/mdsmith/workspace2/Lab1B/hw/system_wrapper.xsa
TRACE::2024-10-14.13:04:31::SCWPlatform:: Unique name xilinx:::0.0
TRACE::2024-10-14.13:04:31::SCWPlatform::Trying to set the existing hwdb with name system_wrapper_1
TRACE::2024-10-14.13:04:31::SCWPlatform::Opened existing hwdb system_wrapper_1
TRACE::2024-10-14.13:04:31::SCWPlatform::Found the Hw Db part of the input DSA
TRACE::2024-10-14.13:04:31::SCWDomain::checking for install qemu data   : 
TRACE::2024-10-14.13:04:31::SCWPlatform::Trying to open the hw design at C:/Users/mdsmith/workspace2/Lab1B/hw/system_wrapper.xsa
TRACE::2024-10-14.13:04:31::SCWPlatform::DSA given C:/Users/mdsmith/workspace2/Lab1B/hw/system_wrapper.xsa
TRACE::2024-10-14.13:04:31::SCWPlatform::DSA absoulate path C:/Users/mdsmith/workspace2/Lab1B/hw/system_wrapper.xsa
TRACE::2024-10-14.13:04:31::SCWPlatform::DSA directory C:/Users/mdsmith/workspace2/Lab1B/hw
TRACE::2024-10-14.13:04:31::SCWPlatform:: Platform Path C:/Users/mdsmith/workspace2/Lab1B/hw/system_wrapper.xsa
TRACE::2024-10-14.13:04:31::SCWPlatform:: Unique name xilinx:::0.0
TRACE::2024-10-14.13:04:31::SCWPlatform::Trying to set the existing hwdb with name system_wrapper_1
TRACE::2024-10-14.13:04:31::SCWPlatform::Opened existing hwdb system_wrapper_1
TRACE::2024-10-14.13:04:31::SCWPlatform::Found the Hw Db part of the input DSA
TRACE::2024-10-14.13:04:31::SCWPlatform::Trying to open the hw design at C:/Users/mdsmith/workspace2/Lab1B/hw/system_wrapper.xsa
TRACE::2024-10-14.13:04:31::SCWPlatform::DSA given C:/Users/mdsmith/workspace2/Lab1B/hw/system_wrapper.xsa
TRACE::2024-10-14.13:04:31::SCWPlatform::DSA absoulate path C:/Users/mdsmith/workspace2/Lab1B/hw/system_wrapper.xsa
TRACE::2024-10-14.13:04:31::SCWPlatform::DSA directory C:/Users/mdsmith/workspace2/Lab1B/hw
TRACE::2024-10-14.13:04:31::SCWPlatform:: Platform Path C:/Users/mdsmith/workspace2/Lab1B/hw/system_wrapper.xsa
TRACE::2024-10-14.13:04:31::SCWPlatform:: Unique name xilinx:::0.0
TRACE::2024-10-14.13:04:31::SCWPlatform::Trying to set the existing hwdb with name system_wrapper_1
TRACE::2024-10-14.13:04:31::SCWPlatform::Opened existing hwdb system_wrapper_1
TRACE::2024-10-14.13:04:31::SCWPlatform::Found the Hw Db part of the input DSA
TRACE::2024-10-14.13:04:31::SCWPlatform::Trying to open the hw design at C:/Users/mdsmith/workspace2/Lab1B/hw/system_wrapper.xsa
TRACE::2024-10-14.13:04:31::SCWPlatform::DSA given C:/Users/mdsmith/workspace2/Lab1B/hw/system_wrapper.xsa
TRACE::2024-10-14.13:04:31::SCWPlatform::DSA absoulate path C:/Users/mdsmith/workspace2/Lab1B/hw/system_wrapper.xsa
TRACE::2024-10-14.13:04:31::SCWPlatform::DSA directory C:/Users/mdsmith/workspace2/Lab1B/hw
TRACE::2024-10-14.13:04:31::SCWPlatform:: Platform Path C:/Users/mdsmith/workspace2/Lab1B/hw/system_wrapper.xsa
TRACE::2024-10-14.13:04:31::SCWPlatform:: Unique name xilinx:::0.0
TRACE::2024-10-14.13:04:31::SCWPlatform::Trying to set the existing hwdb with name system_wrapper_1
TRACE::2024-10-14.13:04:31::SCWPlatform::Opened existing hwdb system_wrapper_1
TRACE::2024-10-14.13:04:31::SCWPlatform::Found the Hw Db part of the input DSA
TRACE::2024-10-14.13:04:31::SCWMssOS::Checking the sw design at  C:/Users/mdsmith/workspace2/Lab1B/microblaze_0/standalone_domain/bsp/system.mss
TRACE::2024-10-14.13:04:31::SCWMssOS::DEBUG:  swdes dump  C:/Users/mdsmith/workspace2/lab1A/microblaze_0/standalone_domain/bsp/system.mss|system||

TRACE::2024-10-14.13:04:31::SCWMssOS::No sw design opened at  C:/Users/mdsmith/workspace2/Lab1B/microblaze_0/standalone_domain/bsp/system.mss
TRACE::2024-10-14.13:04:31::SCWMssOS::mss does not exists at C:/Users/mdsmith/workspace2/Lab1B/microblaze_0/standalone_domain/bsp/system.mss
TRACE::2024-10-14.13:04:31::SCWMssOS::Creating sw design at  C:/Users/mdsmith/workspace2/Lab1B/microblaze_0/standalone_domain/bsp/system.mss
TRACE::2024-10-14.13:04:31::SCWMssOS::Adding the swdes entry, created swdb C:/Users/mdsmith/workspace2/Lab1B/microblaze_0/standalone_domain/bsp/system.mss with des name C:/Users/mdsmith/workspace2/Lab1B/microblaze_0/standalone_domain/bsp/system.mss
TRACE::2024-10-14.13:04:31::SCWMssOS::updating the scw layer changes to swdes at   C:/Users/mdsmith/workspace2/Lab1B/microblaze_0/standalone_domain/bsp/system.mss
TRACE::2024-10-14.13:04:31::SCWMssOS::Writing mss at C:/Users/mdsmith/workspace2/Lab1B/microblaze_0/standalone_domain/bsp/system.mss
TRACE::2024-10-14.13:04:31::SCWMssOS::Completed writing the mss file at C:/Users/mdsmith/workspace2/Lab1B/microblaze_0/standalone_domain/bsp
TRACE::2024-10-14.13:04:31::SCWMssOS::Picking up changes from newly written mss file into SCW Layer. 
TRACE::2024-10-14.13:04:31::SCWMssOS::Updated the changes from newly written mss file into SCW Layer. 
TRACE::2024-10-14.13:04:31::SCWMssOS::Completed writing the mss file at C:/Users/mdsmith/workspace2/Lab1B/microblaze_0/standalone_domain/bsp
TRACE::2024-10-14.13:04:31::SCWMssOS::Forcing BSP Sources regeneration.
TRACE::2024-10-14.13:04:33::SCWMssOS::Saving the mss changes C:/Users/mdsmith/workspace2/Lab1B/microblaze_0/standalone_domain/bsp/system.mss
TRACE::2024-10-14.13:04:33::SCWMssOS::Adding the swdes entry, mss present, able to open swdb C:/Users/mdsmith/workspace2/Lab1B/microblaze_0/standalone_domain/bsp/system.mss with des name system_0
TRACE::2024-10-14.13:04:33::SCWMssOS::Writing the mss file completed C:/Users/mdsmith/workspace2/Lab1B/microblaze_0/standalone_domain/bsp/system.mss
TRACE::2024-10-14.13:04:33::SCWMssOS::Commit changes completed.
TRACE::2024-10-14.13:04:33::SCWPlatform::Trying to open the hw design at C:/Users/mdsmith/workspace2/Lab1B/hw/system_wrapper.xsa
TRACE::2024-10-14.13:04:33::SCWPlatform::DSA given C:/Users/mdsmith/workspace2/Lab1B/hw/system_wrapper.xsa
TRACE::2024-10-14.13:04:33::SCWPlatform::DSA absoulate path C:/Users/mdsmith/workspace2/Lab1B/hw/system_wrapper.xsa
TRACE::2024-10-14.13:04:33::SCWPlatform::DSA directory C:/Users/mdsmith/workspace2/Lab1B/hw
TRACE::2024-10-14.13:04:33::SCWPlatform:: Platform Path C:/Users/mdsmith/workspace2/Lab1B/hw/system_wrapper.xsa
TRACE::2024-10-14.13:04:33::SCWPlatform:: Unique name xilinx:::0.0
TRACE::2024-10-14.13:04:33::SCWPlatform::Trying to set the existing hwdb with name system_wrapper_1
TRACE::2024-10-14.13:04:33::SCWPlatform::Opened existing hwdb system_wrapper_1
TRACE::2024-10-14.13:04:33::SCWPlatform::Found the Hw Db part of the input DSA
TRACE::2024-10-14.13:04:33::SCWMssOS::Checking the sw design at  C:/Users/mdsmith/workspace2/Lab1B/microblaze_0/standalone_domain/bsp/system.mss
TRACE::2024-10-14.13:04:33::SCWMssOS::DEBUG:  swdes dump  C:/Users/mdsmith/workspace2/Lab1B/microblaze_0/standalone_domain/bsp/system.mss|system_0||
C:/Users/mdsmith/workspace2/lab1A/microblaze_0/standalone_domain/bsp/system.mss|system||

TRACE::2024-10-14.13:04:33::SCWMssOS::Sw design exists and opened at  C:/Users/mdsmith/workspace2/Lab1B/microblaze_0/standalone_domain/bsp/system.mss
TRACE::2024-10-14.13:04:33::SCWPlatform::Trying to open the hw design at C:/Users/mdsmith/workspace2/Lab1B/hw/system_wrapper.xsa
TRACE::2024-10-14.13:04:33::SCWPlatform::DSA given C:/Users/mdsmith/workspace2/Lab1B/hw/system_wrapper.xsa
TRACE::2024-10-14.13:04:33::SCWPlatform::DSA absoulate path C:/Users/mdsmith/workspace2/Lab1B/hw/system_wrapper.xsa
TRACE::2024-10-14.13:04:33::SCWPlatform::DSA directory C:/Users/mdsmith/workspace2/Lab1B/hw
TRACE::2024-10-14.13:04:33::SCWPlatform:: Platform Path C:/Users/mdsmith/workspace2/Lab1B/hw/system_wrapper.xsa
TRACE::2024-10-14.13:04:33::SCWPlatform:: Unique name xilinx:::0.0
TRACE::2024-10-14.13:04:33::SCWPlatform::Trying to set the existing hwdb with name system_wrapper_1
TRACE::2024-10-14.13:04:33::SCWPlatform::Opened existing hwdb system_wrapper_1
TRACE::2024-10-14.13:04:33::SCWPlatform::Found the Hw Db part of the input DSA
TRACE::2024-10-14.13:04:33::SCWMssOS::Checking the sw design at  C:/Users/mdsmith/workspace2/Lab1B/microblaze_0/standalone_domain/bsp/system.mss
TRACE::2024-10-14.13:04:33::SCWMssOS::DEBUG:  swdes dump  C:/Users/mdsmith/workspace2/Lab1B/microblaze_0/standalone_domain/bsp/system.mss|system_0||
C:/Users/mdsmith/workspace2/lab1A/microblaze_0/standalone_domain/bsp/system.mss|system||

TRACE::2024-10-14.13:04:33::SCWMssOS::Sw design exists and opened at  C:/Users/mdsmith/workspace2/Lab1B/microblaze_0/standalone_domain/bsp/system.mss
TRACE::2024-10-14.13:04:33::SCWPlatform::Trying to open the hw design at C:/Users/mdsmith/workspace2/Lab1B/hw/system_wrapper.xsa
TRACE::2024-10-14.13:04:33::SCWPlatform::DSA given C:/Users/mdsmith/workspace2/Lab1B/hw/system_wrapper.xsa
TRACE::2024-10-14.13:04:33::SCWPlatform::DSA absoulate path C:/Users/mdsmith/workspace2/Lab1B/hw/system_wrapper.xsa
TRACE::2024-10-14.13:04:33::SCWPlatform::DSA directory C:/Users/mdsmith/workspace2/Lab1B/hw
TRACE::2024-10-14.13:04:33::SCWPlatform:: Platform Path C:/Users/mdsmith/workspace2/Lab1B/hw/system_wrapper.xsa
TRACE::2024-10-14.13:04:33::SCWPlatform:: Unique name xilinx:::0.0
TRACE::2024-10-14.13:04:33::SCWPlatform::Trying to set the existing hwdb with name system_wrapper_1
TRACE::2024-10-14.13:04:33::SCWPlatform::Opened existing hwdb system_wrapper_1
TRACE::2024-10-14.13:04:33::SCWPlatform::Found the Hw Db part of the input DSA
TRACE::2024-10-14.13:04:33::SCWMssOS::Checking the sw design at  C:/Users/mdsmith/workspace2/Lab1B/microblaze_0/standalone_domain/bsp/system.mss
TRACE::2024-10-14.13:04:33::SCWMssOS::DEBUG:  swdes dump  C:/Users/mdsmith/workspace2/Lab1B/microblaze_0/standalone_domain/bsp/system.mss|system_0||
C:/Users/mdsmith/workspace2/lab1A/microblaze_0/standalone_domain/bsp/system.mss|system||

TRACE::2024-10-14.13:04:33::SCWMssOS::Sw design exists and opened at  C:/Users/mdsmith/workspace2/Lab1B/microblaze_0/standalone_domain/bsp/system.mss
TRACE::2024-10-14.13:04:33::SCWWriter::formatted JSON is {
	"platformName":	"Lab1B",
	"sprVersion":	"2.0",
	"mode":	"gui",
	"dsaType":	"Fixed",
	"platformDesc":	"Lab1B",
	"platHandOff":	"C:/Users/mdsmith/Lab1A/system_wrapper.xsa",
	"platIntHandOff":	"<platformDir>/hw/system_wrapper.xsa",
	"deviceType":	"FPGA",
	"platIsPrebuiltAutogen":	"false",
	"platIsNoBootBsp":	"false",
	"hasFsblMakeHasChanges":	"false",
	"hasPmufwMakeHasChanges":	"false",
	"platPreBuiltFlag":	false,
	"platformSamplesDir":	"",
	"platActiveSys":	"Lab1B",
	"systems":	[{
			"systemName":	"Lab1B",
			"systemDesc":	"Lab1B",
			"sysIsBootAutoGen":	"true",
			"systemDispName":	"Lab1B",
			"sysActiveDom":	"standalone_domain",
			"sysDefaultDom":	"standalone_domain",
			"domains":	[{
					"domainName":	"standalone_domain",
					"domainDispName":	"standalone_domain",
					"domainDesc":	"standalone_domain",
					"processors":	"microblaze_0",
					"os":	"standalone",
					"sdxOs":	"standalone",
					"debugEnable":	"False",
					"domRuntimes":	["cpp"],
					"swRepo":	"",
					"mssOsVer":	"7.7",
					"mssFile":	"",
					"md5Digest":	"8cb05513029c4c8eb47aa3a9d66bf167",
					"compatibleApp":	"",
					"domType":	"mssDomain",
					"arch":	"32-bit",
					"appSettings":	{
						"appCompilerFlags":	"",
						"appLinkerFlags":	""
					},
					"addedLibs":	[],
					"libOptions":	{
						"libsContainingOptions":	[]
					},
					"prebuiltLibs":	{
						"prebuiltIncPath":	[],
						"prebuiltLibPath":	[]
					},
					"isolation":	{
					}
				}]
		}]
}
LOG::2024-10-14.13:04:33::SCWPlatform::Started generating the artifacts platform Lab1B
TRACE::2024-10-14.13:04:33::SCWPlatform::Sanity checking of platform is completed
LOG::2024-10-14.13:04:33::SCWPlatform::Started generating the artifacts for system configuration Lab1B
LOG::2024-10-14.13:04:33::SCWSystem::Checking the domain standalone_domain
LOG::2024-10-14.13:04:33::SCWSystem::Not a boot domain 
LOG::2024-10-14.13:04:33::SCWSystem::Started Processing the domain standalone_domain
TRACE::2024-10-14.13:04:33::SCWDomain::Generating domain artifcats
TRACE::2024-10-14.13:04:33::SCWMssOS::Generating standalone artifcats
TRACE::2024-10-14.13:04:33::SCWMssOS:: Copying the user libraries. 
TRACE::2024-10-14.13:04:33::SCWPlatform::Trying to open the hw design at C:/Users/mdsmith/workspace2/Lab1B/hw/system_wrapper.xsa
TRACE::2024-10-14.13:04:33::SCWPlatform::DSA given C:/Users/mdsmith/workspace2/Lab1B/hw/system_wrapper.xsa
TRACE::2024-10-14.13:04:33::SCWPlatform::DSA absoulate path C:/Users/mdsmith/workspace2/Lab1B/hw/system_wrapper.xsa
TRACE::2024-10-14.13:04:33::SCWPlatform::DSA directory C:/Users/mdsmith/workspace2/Lab1B/hw
TRACE::2024-10-14.13:04:33::SCWPlatform:: Platform Path C:/Users/mdsmith/workspace2/Lab1B/hw/system_wrapper.xsa
TRACE::2024-10-14.13:04:33::SCWPlatform:: Unique name xilinx:::0.0
TRACE::2024-10-14.13:04:33::SCWPlatform::Trying to set the existing hwdb with name system_wrapper_1
TRACE::2024-10-14.13:04:33::SCWPlatform::Opened existing hwdb system_wrapper_1
TRACE::2024-10-14.13:04:33::SCWPlatform::Found the Hw Db part of the input DSA
TRACE::2024-10-14.13:04:33::SCWMssOS::Checking the sw design at  C:/Users/mdsmith/workspace2/Lab1B/microblaze_0/standalone_domain/bsp/system.mss
TRACE::2024-10-14.13:04:33::SCWMssOS::DEBUG:  swdes dump  C:/Users/mdsmith/workspace2/Lab1B/microblaze_0/standalone_domain/bsp/system.mss|system_0||
C:/Users/mdsmith/workspace2/lab1A/microblaze_0/standalone_domain/bsp/system.mss|system||

TRACE::2024-10-14.13:04:33::SCWMssOS::Sw design exists and opened at  C:/Users/mdsmith/workspace2/Lab1B/microblaze_0/standalone_domain/bsp/system.mss
TRACE::2024-10-14.13:04:33::SCWMssOS::Completed writing the mss file at C:/Users/mdsmith/workspace2/Lab1B/microblaze_0/standalone_domain/bsp
TRACE::2024-10-14.13:04:33::SCWMssOS::Mss edits present, copying mssfile into export location C:/Users/mdsmith/workspace2/Lab1B/microblaze_0/standalone_domain/bsp/system.mss
TRACE::2024-10-14.13:04:33::SCWMssOS::bsp generated is upto date with the mss file. Skipping bsp generation.
TRACE::2024-10-14.13:04:33::SCWMssOS::BSP is already built. skipping the bsp build ... 
TRACE::2024-10-14.13:04:33::SCWDomain::Skipping the build for domain :  standalone_domain
TRACE::2024-10-14.13:04:33::SCWMssOS::skipping the bsp build ... 
TRACE::2024-10-14.13:04:33::SCWMssOS::Copying to export directory.
TRACE::2024-10-14.13:04:33::SCWMssOS:: Checking if to create the Supporting Applications
TRACE::2024-10-14.13:04:33::SCWMssOS:: No Linux domain exists, trying to generate FSBL 
LOG::2024-10-14.13:04:33::SCWSystem::Completed Processing the domain standalone_domain
LOG::2024-10-14.13:04:33::SCWSystem::Completed Processing the sysconfig Lab1B
LOG::2024-10-14.13:04:33::SCWPlatform::Completed generating the artifacts for system configuration Lab1B
TRACE::2024-10-14.13:04:33::SCWPlatform::Started preparing the platform 
TRACE::2024-10-14.13:04:33::SCWSystem::Writing the bif file for system config Lab1B
TRACE::2024-10-14.13:04:33::SCWSystem::dir created 
TRACE::2024-10-14.13:04:33::SCWSystem::Writing the bif 
TRACE::2024-10-14.13:04:33::SCWPlatform::Started writing the spfm file 
TRACE::2024-10-14.13:04:33::SCWPlatform::Started writing the xpfm file 
TRACE::2024-10-14.13:04:33::SCWPlatform::Completed generating the platform
TRACE::2024-10-14.13:04:33::SCWMssOS::Saving the mss changes C:/Users/mdsmith/workspace2/Lab1B/microblaze_0/standalone_domain/bsp/system.mss
TRACE::2024-10-14.13:04:33::SCWMssOS::Found a swdesign opened with the mssfile.
TRACE::2024-10-14.13:04:33::SCWMssOS::Completed writemss as part of save.
TRACE::2024-10-14.13:04:33::SCWMssOS::Commit changes completed.
TRACE::2024-10-14.13:04:33::SCWPlatform::Trying to open the hw design at C:/Users/mdsmith/workspace2/Lab1B/hw/system_wrapper.xsa
TRACE::2024-10-14.13:04:33::SCWPlatform::DSA given C:/Users/mdsmith/workspace2/Lab1B/hw/system_wrapper.xsa
TRACE::2024-10-14.13:04:33::SCWPlatform::DSA absoulate path C:/Users/mdsmith/workspace2/Lab1B/hw/system_wrapper.xsa
TRACE::2024-10-14.13:04:33::SCWPlatform::DSA directory C:/Users/mdsmith/workspace2/Lab1B/hw
TRACE::2024-10-14.13:04:33::SCWPlatform:: Platform Path C:/Users/mdsmith/workspace2/Lab1B/hw/system_wrapper.xsa
TRACE::2024-10-14.13:04:33::SCWPlatform:: Unique name xilinx:::0.0
TRACE::2024-10-14.13:04:33::SCWPlatform::Trying to set the existing hwdb with name system_wrapper_1
TRACE::2024-10-14.13:04:33::SCWPlatform::Opened existing hwdb system_wrapper_1
TRACE::2024-10-14.13:04:33::SCWPlatform::Found the Hw Db part of the input DSA
TRACE::2024-10-14.13:04:33::SCWMssOS::Checking the sw design at  C:/Users/mdsmith/workspace2/Lab1B/microblaze_0/standalone_domain/bsp/system.mss
TRACE::2024-10-14.13:04:33::SCWMssOS::DEBUG:  swdes dump  C:/Users/mdsmith/workspace2/Lab1B/microblaze_0/standalone_domain/bsp/system.mss|system_0||
C:/Users/mdsmith/workspace2/lab1A/microblaze_0/standalone_domain/bsp/system.mss|system||

TRACE::2024-10-14.13:04:33::SCWMssOS::Sw design exists and opened at  C:/Users/mdsmith/workspace2/Lab1B/microblaze_0/standalone_domain/bsp/system.mss
TRACE::2024-10-14.13:04:33::SCWPlatform::Trying to open the hw design at C:/Users/mdsmith/workspace2/Lab1B/hw/system_wrapper.xsa
TRACE::2024-10-14.13:04:33::SCWPlatform::DSA given C:/Users/mdsmith/workspace2/Lab1B/hw/system_wrapper.xsa
TRACE::2024-10-14.13:04:33::SCWPlatform::DSA absoulate path C:/Users/mdsmith/workspace2/Lab1B/hw/system_wrapper.xsa
TRACE::2024-10-14.13:04:33::SCWPlatform::DSA directory C:/Users/mdsmith/workspace2/Lab1B/hw
TRACE::2024-10-14.13:04:33::SCWPlatform:: Platform Path C:/Users/mdsmith/workspace2/Lab1B/hw/system_wrapper.xsa
TRACE::2024-10-14.13:04:33::SCWPlatform:: Unique name xilinx:::0.0
TRACE::2024-10-14.13:04:33::SCWPlatform::Trying to set the existing hwdb with name system_wrapper_1
TRACE::2024-10-14.13:04:33::SCWPlatform::Opened existing hwdb system_wrapper_1
TRACE::2024-10-14.13:04:33::SCWPlatform::Found the Hw Db part of the input DSA
TRACE::2024-10-14.13:04:33::SCWMssOS::Checking the sw design at  C:/Users/mdsmith/workspace2/Lab1B/microblaze_0/standalone_domain/bsp/system.mss
TRACE::2024-10-14.13:04:33::SCWMssOS::DEBUG:  swdes dump  C:/Users/mdsmith/workspace2/Lab1B/microblaze_0/standalone_domain/bsp/system.mss|system_0||
C:/Users/mdsmith/workspace2/lab1A/microblaze_0/standalone_domain/bsp/system.mss|system||

TRACE::2024-10-14.13:04:33::SCWMssOS::Sw design exists and opened at  C:/Users/mdsmith/workspace2/Lab1B/microblaze_0/standalone_domain/bsp/system.mss
TRACE::2024-10-14.13:04:33::SCWPlatform::Trying to open the hw design at C:/Users/mdsmith/workspace2/Lab1B/hw/system_wrapper.xsa
TRACE::2024-10-14.13:04:33::SCWPlatform::DSA given C:/Users/mdsmith/workspace2/Lab1B/hw/system_wrapper.xsa
TRACE::2024-10-14.13:04:33::SCWPlatform::DSA absoulate path C:/Users/mdsmith/workspace2/Lab1B/hw/system_wrapper.xsa
TRACE::2024-10-14.13:04:33::SCWPlatform::DSA directory C:/Users/mdsmith/workspace2/Lab1B/hw
TRACE::2024-10-14.13:04:33::SCWPlatform:: Platform Path C:/Users/mdsmith/workspace2/Lab1B/hw/system_wrapper.xsa
TRACE::2024-10-14.13:04:33::SCWPlatform:: Unique name xilinx:::0.0
TRACE::2024-10-14.13:04:33::SCWPlatform::Trying to set the existing hwdb with name system_wrapper_1
TRACE::2024-10-14.13:04:33::SCWPlatform::Opened existing hwdb system_wrapper_1
TRACE::2024-10-14.13:04:33::SCWPlatform::Found the Hw Db part of the input DSA
TRACE::2024-10-14.13:04:33::SCWMssOS::Checking the sw design at  C:/Users/mdsmith/workspace2/Lab1B/microblaze_0/standalone_domain/bsp/system.mss
TRACE::2024-10-14.13:04:33::SCWMssOS::DEBUG:  swdes dump  C:/Users/mdsmith/workspace2/Lab1B/microblaze_0/standalone_domain/bsp/system.mss|system_0||
C:/Users/mdsmith/workspace2/lab1A/microblaze_0/standalone_domain/bsp/system.mss|system||

TRACE::2024-10-14.13:04:33::SCWMssOS::Sw design exists and opened at  C:/Users/mdsmith/workspace2/Lab1B/microblaze_0/standalone_domain/bsp/system.mss
TRACE::2024-10-14.13:04:33::SCWWriter::formatted JSON is {
	"platformName":	"Lab1B",
	"sprVersion":	"2.0",
	"mode":	"gui",
	"dsaType":	"Fixed",
	"platformDesc":	"Lab1B",
	"platHandOff":	"C:/Users/mdsmith/Lab1A/system_wrapper.xsa",
	"platIntHandOff":	"<platformDir>/hw/system_wrapper.xsa",
	"deviceType":	"FPGA",
	"platIsPrebuiltAutogen":	"false",
	"platIsNoBootBsp":	"false",
	"hasFsblMakeHasChanges":	"false",
	"hasPmufwMakeHasChanges":	"false",
	"platPreBuiltFlag":	false,
	"platformSamplesDir":	"",
	"platActiveSys":	"Lab1B",
	"systems":	[{
			"systemName":	"Lab1B",
			"systemDesc":	"Lab1B",
			"sysIsBootAutoGen":	"true",
			"systemDispName":	"Lab1B",
			"sysActiveDom":	"standalone_domain",
			"sysDefaultDom":	"standalone_domain",
			"domains":	[{
					"domainName":	"standalone_domain",
					"domainDispName":	"standalone_domain",
					"domainDesc":	"standalone_domain",
					"processors":	"microblaze_0",
					"os":	"standalone",
					"sdxOs":	"standalone",
					"debugEnable":	"False",
					"domRuntimes":	["cpp"],
					"swRepo":	"",
					"mssOsVer":	"7.7",
					"mssFile":	"",
					"md5Digest":	"8cb05513029c4c8eb47aa3a9d66bf167",
					"compatibleApp":	"",
					"domType":	"mssDomain",
					"arch":	"32-bit",
					"appSettings":	{
						"appCompilerFlags":	"",
						"appLinkerFlags":	""
					},
					"addedLibs":	[],
					"libOptions":	{
						"libsContainingOptions":	[]
					},
					"prebuiltLibs":	{
						"prebuiltIncPath":	[],
						"prebuiltLibPath":	[]
					},
					"isolation":	{
					}
				}]
		}]
}
KEYINFO::2024-10-14.13:04:33::SCWPlatform::updated the xpfm file.
TRACE::2024-10-14.13:04:35::SCWPlatform::Trying to open the hw design at C:/Users/mdsmith/workspace2/Lab1B/hw/system_wrapper.xsa
TRACE::2024-10-14.13:04:35::SCWPlatform::DSA given C:/Users/mdsmith/workspace2/Lab1B/hw/system_wrapper.xsa
TRACE::2024-10-14.13:04:35::SCWPlatform::DSA absoulate path C:/Users/mdsmith/workspace2/Lab1B/hw/system_wrapper.xsa
TRACE::2024-10-14.13:04:35::SCWPlatform::DSA directory C:/Users/mdsmith/workspace2/Lab1B/hw
TRACE::2024-10-14.13:04:35::SCWPlatform:: Platform Path C:/Users/mdsmith/workspace2/Lab1B/hw/system_wrapper.xsa
TRACE::2024-10-14.13:04:35::SCWPlatform:: Unique name xilinx:::0.0
TRACE::2024-10-14.13:04:35::SCWPlatform::Trying to set the existing hwdb with name system_wrapper_1
TRACE::2024-10-14.13:04:35::SCWPlatform::Opened existing hwdb system_wrapper_1
TRACE::2024-10-14.13:04:35::SCWPlatform::Found the Hw Db part of the input DSA
TRACE::2024-10-14.13:04:35::SCWMssOS::Checking the sw design at  C:/Users/mdsmith/workspace2/Lab1B/microblaze_0/standalone_domain/bsp/system.mss
TRACE::2024-10-14.13:04:35::SCWMssOS::DEBUG:  swdes dump  C:/Users/mdsmith/workspace2/Lab1B/microblaze_0/standalone_domain/bsp/system.mss|system_0||
C:/Users/mdsmith/workspace2/lab1A/microblaze_0/standalone_domain/bsp/system.mss|system||

TRACE::2024-10-14.13:04:35::SCWMssOS::Sw design exists and opened at  C:/Users/mdsmith/workspace2/Lab1B/microblaze_0/standalone_domain/bsp/system.mss
TRACE::2024-10-14.13:04:35::SCWMssOS::Saving the mss changes C:/Users/mdsmith/workspace2/Lab1B/microblaze_0/standalone_domain/bsp/system.mss
TRACE::2024-10-14.13:04:35::SCWMssOS::Found a swdesign opened with the mssfile.
TRACE::2024-10-14.13:04:35::SCWMssOS::Completed writemss as part of save.
TRACE::2024-10-14.13:04:35::SCWMssOS::Commit changes completed.
TRACE::2024-10-14.13:04:35::SCWPlatform::Trying to open the hw design at C:/Users/mdsmith/workspace2/Lab1B/hw/system_wrapper.xsa
TRACE::2024-10-14.13:04:35::SCWPlatform::DSA given C:/Users/mdsmith/workspace2/Lab1B/hw/system_wrapper.xsa
TRACE::2024-10-14.13:04:35::SCWPlatform::DSA absoulate path C:/Users/mdsmith/workspace2/Lab1B/hw/system_wrapper.xsa
TRACE::2024-10-14.13:04:35::SCWPlatform::DSA directory C:/Users/mdsmith/workspace2/Lab1B/hw
TRACE::2024-10-14.13:04:35::SCWPlatform:: Platform Path C:/Users/mdsmith/workspace2/Lab1B/hw/system_wrapper.xsa
TRACE::2024-10-14.13:04:35::SCWPlatform:: Unique name xilinx:::0.0
TRACE::2024-10-14.13:04:35::SCWPlatform::Trying to set the existing hwdb with name system_wrapper_1
TRACE::2024-10-14.13:04:35::SCWPlatform::Opened existing hwdb system_wrapper_1
TRACE::2024-10-14.13:04:35::SCWPlatform::Found the Hw Db part of the input DSA
TRACE::2024-10-14.13:04:35::SCWMssOS::Checking the sw design at  C:/Users/mdsmith/workspace2/Lab1B/microblaze_0/standalone_domain/bsp/system.mss
TRACE::2024-10-14.13:04:35::SCWMssOS::DEBUG:  swdes dump  C:/Users/mdsmith/workspace2/Lab1B/microblaze_0/standalone_domain/bsp/system.mss|system_0||
C:/Users/mdsmith/workspace2/lab1A/microblaze_0/standalone_domain/bsp/system.mss|system||

TRACE::2024-10-14.13:04:35::SCWMssOS::Sw design exists and opened at  C:/Users/mdsmith/workspace2/Lab1B/microblaze_0/standalone_domain/bsp/system.mss
TRACE::2024-10-14.13:04:35::SCWPlatform::Trying to open the hw design at C:/Users/mdsmith/workspace2/Lab1B/hw/system_wrapper.xsa
TRACE::2024-10-14.13:04:35::SCWPlatform::DSA given C:/Users/mdsmith/workspace2/Lab1B/hw/system_wrapper.xsa
TRACE::2024-10-14.13:04:35::SCWPlatform::DSA absoulate path C:/Users/mdsmith/workspace2/Lab1B/hw/system_wrapper.xsa
TRACE::2024-10-14.13:04:35::SCWPlatform::DSA directory C:/Users/mdsmith/workspace2/Lab1B/hw
TRACE::2024-10-14.13:04:35::SCWPlatform:: Platform Path C:/Users/mdsmith/workspace2/Lab1B/hw/system_wrapper.xsa
TRACE::2024-10-14.13:04:35::SCWPlatform:: Unique name xilinx:::0.0
TRACE::2024-10-14.13:04:35::SCWPlatform::Trying to set the existing hwdb with name system_wrapper_1
TRACE::2024-10-14.13:04:35::SCWPlatform::Opened existing hwdb system_wrapper_1
TRACE::2024-10-14.13:04:35::SCWPlatform::Found the Hw Db part of the input DSA
TRACE::2024-10-14.13:04:35::SCWMssOS::Checking the sw design at  C:/Users/mdsmith/workspace2/Lab1B/microblaze_0/standalone_domain/bsp/system.mss
TRACE::2024-10-14.13:04:35::SCWMssOS::DEBUG:  swdes dump  C:/Users/mdsmith/workspace2/Lab1B/microblaze_0/standalone_domain/bsp/system.mss|system_0||
C:/Users/mdsmith/workspace2/lab1A/microblaze_0/standalone_domain/bsp/system.mss|system||

TRACE::2024-10-14.13:04:35::SCWMssOS::Sw design exists and opened at  C:/Users/mdsmith/workspace2/Lab1B/microblaze_0/standalone_domain/bsp/system.mss
TRACE::2024-10-14.13:04:35::SCWPlatform::Trying to open the hw design at C:/Users/mdsmith/workspace2/Lab1B/hw/system_wrapper.xsa
TRACE::2024-10-14.13:04:35::SCWPlatform::DSA given C:/Users/mdsmith/workspace2/Lab1B/hw/system_wrapper.xsa
TRACE::2024-10-14.13:04:35::SCWPlatform::DSA absoulate path C:/Users/mdsmith/workspace2/Lab1B/hw/system_wrapper.xsa
TRACE::2024-10-14.13:04:35::SCWPlatform::DSA directory C:/Users/mdsmith/workspace2/Lab1B/hw
TRACE::2024-10-14.13:04:35::SCWPlatform:: Platform Path C:/Users/mdsmith/workspace2/Lab1B/hw/system_wrapper.xsa
TRACE::2024-10-14.13:04:35::SCWPlatform:: Unique name xilinx:::0.0
TRACE::2024-10-14.13:04:35::SCWPlatform::Trying to set the existing hwdb with name system_wrapper_1
TRACE::2024-10-14.13:04:35::SCWPlatform::Opened existing hwdb system_wrapper_1
TRACE::2024-10-14.13:04:35::SCWPlatform::Found the Hw Db part of the input DSA
TRACE::2024-10-14.13:04:35::SCWMssOS::Checking the sw design at  C:/Users/mdsmith/workspace2/Lab1B/microblaze_0/standalone_domain/bsp/system.mss
TRACE::2024-10-14.13:04:35::SCWMssOS::DEBUG:  swdes dump  C:/Users/mdsmith/workspace2/Lab1B/microblaze_0/standalone_domain/bsp/system.mss|system_0||
C:/Users/mdsmith/workspace2/lab1A/microblaze_0/standalone_domain/bsp/system.mss|system||

TRACE::2024-10-14.13:04:35::SCWMssOS::Sw design exists and opened at  C:/Users/mdsmith/workspace2/Lab1B/microblaze_0/standalone_domain/bsp/system.mss
TRACE::2024-10-14.13:04:35::SCWWriter::formatted JSON is {
	"platformName":	"Lab1B",
	"sprVersion":	"2.0",
	"mode":	"gui",
	"dsaType":	"Fixed",
	"platformDesc":	"Lab1B",
	"platHandOff":	"C:/Users/mdsmith/Lab1A/system_wrapper.xsa",
	"platIntHandOff":	"<platformDir>/hw/system_wrapper.xsa",
	"deviceType":	"FPGA",
	"platIsPrebuiltAutogen":	"false",
	"platIsNoBootBsp":	"false",
	"hasFsblMakeHasChanges":	"false",
	"hasPmufwMakeHasChanges":	"false",
	"platPreBuiltFlag":	false,
	"platformSamplesDir":	"",
	"platActiveSys":	"Lab1B",
	"systems":	[{
			"systemName":	"Lab1B",
			"systemDesc":	"Lab1B",
			"sysIsBootAutoGen":	"true",
			"systemDispName":	"Lab1B",
			"sysActiveDom":	"standalone_domain",
			"sysDefaultDom":	"standalone_domain",
			"domains":	[{
					"domainName":	"standalone_domain",
					"domainDispName":	"standalone_domain",
					"domainDesc":	"standalone_domain",
					"processors":	"microblaze_0",
					"os":	"standalone",
					"sdxOs":	"standalone",
					"debugEnable":	"False",
					"domRuntimes":	["cpp"],
					"swRepo":	"",
					"mssOsVer":	"7.7",
					"mssFile":	"",
					"md5Digest":	"8cb05513029c4c8eb47aa3a9d66bf167",
					"compatibleApp":	"",
					"domType":	"mssDomain",
					"arch":	"32-bit",
					"appSettings":	{
						"appCompilerFlags":	"",
						"appLinkerFlags":	""
					},
					"addedLibs":	[],
					"libOptions":	{
						"libsContainingOptions":	[]
					},
					"prebuiltLibs":	{
						"prebuiltIncPath":	[],
						"prebuiltLibPath":	[]
					},
					"isolation":	{
					}
				}]
		}]
}
TRACE::2024-10-14.13:04:35::SCWPlatform::Trying to open the hw design at C:/Users/mdsmith/workspace2/Lab1B/hw/system_wrapper.xsa
TRACE::2024-10-14.13:04:35::SCWPlatform::DSA given C:/Users/mdsmith/workspace2/Lab1B/hw/system_wrapper.xsa
TRACE::2024-10-14.13:04:35::SCWPlatform::DSA absoulate path C:/Users/mdsmith/workspace2/Lab1B/hw/system_wrapper.xsa
TRACE::2024-10-14.13:04:35::SCWPlatform::DSA directory C:/Users/mdsmith/workspace2/Lab1B/hw
TRACE::2024-10-14.13:04:35::SCWPlatform:: Platform Path C:/Users/mdsmith/workspace2/Lab1B/hw/system_wrapper.xsa
TRACE::2024-10-14.13:04:35::SCWPlatform:: Unique name xilinx:::0.0
TRACE::2024-10-14.13:04:35::SCWPlatform::Trying to set the existing hwdb with name system_wrapper_1
TRACE::2024-10-14.13:04:35::SCWPlatform::Opened existing hwdb system_wrapper_1
TRACE::2024-10-14.13:04:35::SCWPlatform::Found the Hw Db part of the input DSA
TRACE::2024-10-14.13:04:35::SCWMssOS::Checking the sw design at  C:/Users/mdsmith/workspace2/Lab1B/microblaze_0/standalone_domain/bsp/system.mss
TRACE::2024-10-14.13:04:35::SCWMssOS::DEBUG:  swdes dump  C:/Users/mdsmith/workspace2/Lab1B/microblaze_0/standalone_domain/bsp/system.mss|system_0||
C:/Users/mdsmith/workspace2/lab1A/microblaze_0/standalone_domain/bsp/system.mss|system||

TRACE::2024-10-14.13:04:35::SCWMssOS::Sw design exists and opened at  C:/Users/mdsmith/workspace2/Lab1B/microblaze_0/standalone_domain/bsp/system.mss
TRACE::2024-10-14.13:04:35::SCWPlatform::Trying to open the hw design at C:/Users/mdsmith/workspace2/Lab1B/hw/system_wrapper.xsa
TRACE::2024-10-14.13:04:35::SCWPlatform::DSA given C:/Users/mdsmith/workspace2/Lab1B/hw/system_wrapper.xsa
TRACE::2024-10-14.13:04:35::SCWPlatform::DSA absoulate path C:/Users/mdsmith/workspace2/Lab1B/hw/system_wrapper.xsa
TRACE::2024-10-14.13:04:35::SCWPlatform::DSA directory C:/Users/mdsmith/workspace2/Lab1B/hw
TRACE::2024-10-14.13:04:35::SCWPlatform:: Platform Path C:/Users/mdsmith/workspace2/Lab1B/hw/system_wrapper.xsa
TRACE::2024-10-14.13:04:35::SCWPlatform:: Unique name xilinx:::0.0
TRACE::2024-10-14.13:04:35::SCWPlatform::Trying to set the existing hwdb with name system_wrapper_1
TRACE::2024-10-14.13:04:35::SCWPlatform::Opened existing hwdb system_wrapper_1
TRACE::2024-10-14.13:04:35::SCWPlatform::Found the Hw Db part of the input DSA
TRACE::2024-10-14.13:04:35::SCWMssOS::Checking the sw design at  C:/Users/mdsmith/workspace2/Lab1B/microblaze_0/standalone_domain/bsp/system.mss
TRACE::2024-10-14.13:04:35::SCWMssOS::DEBUG:  swdes dump  C:/Users/mdsmith/workspace2/Lab1B/microblaze_0/standalone_domain/bsp/system.mss|system_0||
C:/Users/mdsmith/workspace2/lab1A/microblaze_0/standalone_domain/bsp/system.mss|system||

TRACE::2024-10-14.13:04:35::SCWMssOS::Sw design exists and opened at  C:/Users/mdsmith/workspace2/Lab1B/microblaze_0/standalone_domain/bsp/system.mss
TRACE::2024-10-14.13:04:35::SCWPlatform::Trying to open the hw design at C:/Users/mdsmith/workspace2/Lab1B/hw/system_wrapper.xsa
TRACE::2024-10-14.13:04:35::SCWPlatform::DSA given C:/Users/mdsmith/workspace2/Lab1B/hw/system_wrapper.xsa
TRACE::2024-10-14.13:04:35::SCWPlatform::DSA absoulate path C:/Users/mdsmith/workspace2/Lab1B/hw/system_wrapper.xsa
TRACE::2024-10-14.13:04:35::SCWPlatform::DSA directory C:/Users/mdsmith/workspace2/Lab1B/hw
TRACE::2024-10-14.13:04:35::SCWPlatform:: Platform Path C:/Users/mdsmith/workspace2/Lab1B/hw/system_wrapper.xsa
TRACE::2024-10-14.13:04:35::SCWPlatform:: Unique name xilinx:::0.0
TRACE::2024-10-14.13:04:35::SCWPlatform::Trying to set the existing hwdb with name system_wrapper_1
TRACE::2024-10-14.13:04:35::SCWPlatform::Opened existing hwdb system_wrapper_1
TRACE::2024-10-14.13:04:35::SCWPlatform::Found the Hw Db part of the input DSA
TRACE::2024-10-14.13:04:35::SCWMssOS::Checking the sw design at  C:/Users/mdsmith/workspace2/Lab1B/microblaze_0/standalone_domain/bsp/system.mss
TRACE::2024-10-14.13:04:35::SCWMssOS::DEBUG:  swdes dump  C:/Users/mdsmith/workspace2/Lab1B/microblaze_0/standalone_domain/bsp/system.mss|system_0||
C:/Users/mdsmith/workspace2/lab1A/microblaze_0/standalone_domain/bsp/system.mss|system||

TRACE::2024-10-14.13:04:35::SCWMssOS::Sw design exists and opened at  C:/Users/mdsmith/workspace2/Lab1B/microblaze_0/standalone_domain/bsp/system.mss
TRACE::2024-10-14.13:04:35::SCWMssOS::Saving the mss changes C:/Users/mdsmith/workspace2/Lab1B/microblaze_0/standalone_domain/bsp/system.mss
TRACE::2024-10-14.13:04:35::SCWMssOS::Found a swdesign opened with the mssfile.
TRACE::2024-10-14.13:04:35::SCWMssOS::Completed writemss as part of save.
TRACE::2024-10-14.13:04:35::SCWMssOS::Commit changes completed.
TRACE::2024-10-14.13:04:35::SCWPlatform::Trying to open the hw design at C:/Users/mdsmith/workspace2/Lab1B/hw/system_wrapper.xsa
TRACE::2024-10-14.13:04:35::SCWPlatform::DSA given C:/Users/mdsmith/workspace2/Lab1B/hw/system_wrapper.xsa
TRACE::2024-10-14.13:04:35::SCWPlatform::DSA absoulate path C:/Users/mdsmith/workspace2/Lab1B/hw/system_wrapper.xsa
TRACE::2024-10-14.13:04:35::SCWPlatform::DSA directory C:/Users/mdsmith/workspace2/Lab1B/hw
TRACE::2024-10-14.13:04:35::SCWPlatform:: Platform Path C:/Users/mdsmith/workspace2/Lab1B/hw/system_wrapper.xsa
TRACE::2024-10-14.13:04:35::SCWPlatform:: Unique name xilinx:::0.0
TRACE::2024-10-14.13:04:35::SCWPlatform::Trying to set the existing hwdb with name system_wrapper_1
TRACE::2024-10-14.13:04:35::SCWPlatform::Opened existing hwdb system_wrapper_1
TRACE::2024-10-14.13:04:35::SCWPlatform::Found the Hw Db part of the input DSA
TRACE::2024-10-14.13:04:35::SCWMssOS::Checking the sw design at  C:/Users/mdsmith/workspace2/Lab1B/microblaze_0/standalone_domain/bsp/system.mss
TRACE::2024-10-14.13:04:35::SCWMssOS::DEBUG:  swdes dump  C:/Users/mdsmith/workspace2/Lab1B/microblaze_0/standalone_domain/bsp/system.mss|system_0||
C:/Users/mdsmith/workspace2/lab1A/microblaze_0/standalone_domain/bsp/system.mss|system||

TRACE::2024-10-14.13:04:35::SCWMssOS::Sw design exists and opened at  C:/Users/mdsmith/workspace2/Lab1B/microblaze_0/standalone_domain/bsp/system.mss
TRACE::2024-10-14.13:04:35::SCWPlatform::Trying to open the hw design at C:/Users/mdsmith/workspace2/Lab1B/hw/system_wrapper.xsa
TRACE::2024-10-14.13:04:35::SCWPlatform::DSA given C:/Users/mdsmith/workspace2/Lab1B/hw/system_wrapper.xsa
TRACE::2024-10-14.13:04:35::SCWPlatform::DSA absoulate path C:/Users/mdsmith/workspace2/Lab1B/hw/system_wrapper.xsa
TRACE::2024-10-14.13:04:35::SCWPlatform::DSA directory C:/Users/mdsmith/workspace2/Lab1B/hw
TRACE::2024-10-14.13:04:35::SCWPlatform:: Platform Path C:/Users/mdsmith/workspace2/Lab1B/hw/system_wrapper.xsa
TRACE::2024-10-14.13:04:35::SCWPlatform:: Unique name xilinx:::0.0
TRACE::2024-10-14.13:04:35::SCWPlatform::Trying to set the existing hwdb with name system_wrapper_1
TRACE::2024-10-14.13:04:35::SCWPlatform::Opened existing hwdb system_wrapper_1
TRACE::2024-10-14.13:04:35::SCWPlatform::Found the Hw Db part of the input DSA
TRACE::2024-10-14.13:04:35::SCWMssOS::Checking the sw design at  C:/Users/mdsmith/workspace2/Lab1B/microblaze_0/standalone_domain/bsp/system.mss
TRACE::2024-10-14.13:04:35::SCWMssOS::DEBUG:  swdes dump  C:/Users/mdsmith/workspace2/Lab1B/microblaze_0/standalone_domain/bsp/system.mss|system_0||
C:/Users/mdsmith/workspace2/lab1A/microblaze_0/standalone_domain/bsp/system.mss|system||

TRACE::2024-10-14.13:04:35::SCWMssOS::Sw design exists and opened at  C:/Users/mdsmith/workspace2/Lab1B/microblaze_0/standalone_domain/bsp/system.mss
TRACE::2024-10-14.13:04:35::SCWPlatform::Trying to open the hw design at C:/Users/mdsmith/workspace2/Lab1B/hw/system_wrapper.xsa
TRACE::2024-10-14.13:04:35::SCWPlatform::DSA given C:/Users/mdsmith/workspace2/Lab1B/hw/system_wrapper.xsa
TRACE::2024-10-14.13:04:35::SCWPlatform::DSA absoulate path C:/Users/mdsmith/workspace2/Lab1B/hw/system_wrapper.xsa
TRACE::2024-10-14.13:04:35::SCWPlatform::DSA directory C:/Users/mdsmith/workspace2/Lab1B/hw
TRACE::2024-10-14.13:04:35::SCWPlatform:: Platform Path C:/Users/mdsmith/workspace2/Lab1B/hw/system_wrapper.xsa
TRACE::2024-10-14.13:04:35::SCWPlatform:: Unique name xilinx:::0.0
TRACE::2024-10-14.13:04:35::SCWPlatform::Trying to set the existing hwdb with name system_wrapper_1
TRACE::2024-10-14.13:04:35::SCWPlatform::Opened existing hwdb system_wrapper_1
TRACE::2024-10-14.13:04:35::SCWPlatform::Found the Hw Db part of the input DSA
TRACE::2024-10-14.13:04:35::SCWMssOS::Checking the sw design at  C:/Users/mdsmith/workspace2/Lab1B/microblaze_0/standalone_domain/bsp/system.mss
TRACE::2024-10-14.13:04:35::SCWMssOS::DEBUG:  swdes dump  C:/Users/mdsmith/workspace2/Lab1B/microblaze_0/standalone_domain/bsp/system.mss|system_0||
C:/Users/mdsmith/workspace2/lab1A/microblaze_0/standalone_domain/bsp/system.mss|system||

TRACE::2024-10-14.13:04:35::SCWMssOS::Sw design exists and opened at  C:/Users/mdsmith/workspace2/Lab1B/microblaze_0/standalone_domain/bsp/system.mss
TRACE::2024-10-14.13:04:35::SCWWriter::formatted JSON is {
	"platformName":	"Lab1B",
	"sprVersion":	"2.0",
	"mode":	"gui",
	"dsaType":	"Fixed",
	"platformDesc":	"Lab1B",
	"platHandOff":	"C:/Users/mdsmith/Lab1A/system_wrapper.xsa",
	"platIntHandOff":	"<platformDir>/hw/system_wrapper.xsa",
	"deviceType":	"FPGA",
	"platIsPrebuiltAutogen":	"false",
	"platIsNoBootBsp":	"false",
	"hasFsblMakeHasChanges":	"false",
	"hasPmufwMakeHasChanges":	"false",
	"platPreBuiltFlag":	false,
	"platformSamplesDir":	"",
	"platActiveSys":	"Lab1B",
	"systems":	[{
			"systemName":	"Lab1B",
			"systemDesc":	"Lab1B",
			"sysIsBootAutoGen":	"true",
			"systemDispName":	"Lab1B",
			"sysActiveDom":	"standalone_domain",
			"sysDefaultDom":	"standalone_domain",
			"domains":	[{
					"domainName":	"standalone_domain",
					"domainDispName":	"standalone on microblaze_0",
					"domainDesc":	"standalone_domain",
					"processors":	"microblaze_0",
					"os":	"standalone",
					"sdxOs":	"standalone",
					"debugEnable":	"False",
					"domRuntimes":	["cpp"],
					"swRepo":	"",
					"mssOsVer":	"7.7",
					"mssFile":	"",
					"md5Digest":	"8cb05513029c4c8eb47aa3a9d66bf167",
					"compatibleApp":	"",
					"domType":	"mssDomain",
					"arch":	"32-bit",
					"appSettings":	{
						"appCompilerFlags":	"",
						"appLinkerFlags":	""
					},
					"addedLibs":	[],
					"libOptions":	{
						"libsContainingOptions":	[]
					},
					"prebuiltLibs":	{
						"prebuiltIncPath":	[],
						"prebuiltLibPath":	[]
					},
					"isolation":	{
					}
				}]
		}]
}
TRACE::2024-10-14.13:04:35::SCWMssOS::Saving the mss changes C:/Users/mdsmith/workspace2/Lab1B/microblaze_0/standalone_domain/bsp/system.mss
TRACE::2024-10-14.13:04:35::SCWMssOS::Found a swdesign opened with the mssfile.
TRACE::2024-10-14.13:04:35::SCWMssOS::Completed writemss as part of save.
TRACE::2024-10-14.13:04:35::SCWMssOS::Commit changes completed.
TRACE::2024-10-14.13:04:35::SCWPlatform::Trying to open the hw design at C:/Users/mdsmith/workspace2/Lab1B/hw/system_wrapper.xsa
TRACE::2024-10-14.13:04:35::SCWPlatform::DSA given C:/Users/mdsmith/workspace2/Lab1B/hw/system_wrapper.xsa
TRACE::2024-10-14.13:04:35::SCWPlatform::DSA absoulate path C:/Users/mdsmith/workspace2/Lab1B/hw/system_wrapper.xsa
TRACE::2024-10-14.13:04:35::SCWPlatform::DSA directory C:/Users/mdsmith/workspace2/Lab1B/hw
TRACE::2024-10-14.13:04:35::SCWPlatform:: Platform Path C:/Users/mdsmith/workspace2/Lab1B/hw/system_wrapper.xsa
TRACE::2024-10-14.13:04:35::SCWPlatform:: Unique name xilinx:::0.0
TRACE::2024-10-14.13:04:35::SCWPlatform::Trying to set the existing hwdb with name system_wrapper_1
TRACE::2024-10-14.13:04:35::SCWPlatform::Opened existing hwdb system_wrapper_1
TRACE::2024-10-14.13:04:35::SCWPlatform::Found the Hw Db part of the input DSA
TRACE::2024-10-14.13:04:35::SCWMssOS::Checking the sw design at  C:/Users/mdsmith/workspace2/Lab1B/microblaze_0/standalone_domain/bsp/system.mss
TRACE::2024-10-14.13:04:35::SCWMssOS::DEBUG:  swdes dump  C:/Users/mdsmith/workspace2/Lab1B/microblaze_0/standalone_domain/bsp/system.mss|system_0||
C:/Users/mdsmith/workspace2/lab1A/microblaze_0/standalone_domain/bsp/system.mss|system||

TRACE::2024-10-14.13:04:35::SCWMssOS::Sw design exists and opened at  C:/Users/mdsmith/workspace2/Lab1B/microblaze_0/standalone_domain/bsp/system.mss
TRACE::2024-10-14.13:04:35::SCWPlatform::Trying to open the hw design at C:/Users/mdsmith/workspace2/Lab1B/hw/system_wrapper.xsa
TRACE::2024-10-14.13:04:35::SCWPlatform::DSA given C:/Users/mdsmith/workspace2/Lab1B/hw/system_wrapper.xsa
TRACE::2024-10-14.13:04:35::SCWPlatform::DSA absoulate path C:/Users/mdsmith/workspace2/Lab1B/hw/system_wrapper.xsa
TRACE::2024-10-14.13:04:35::SCWPlatform::DSA directory C:/Users/mdsmith/workspace2/Lab1B/hw
TRACE::2024-10-14.13:04:35::SCWPlatform:: Platform Path C:/Users/mdsmith/workspace2/Lab1B/hw/system_wrapper.xsa
TRACE::2024-10-14.13:04:35::SCWPlatform:: Unique name xilinx:::0.0
TRACE::2024-10-14.13:04:35::SCWPlatform::Trying to set the existing hwdb with name system_wrapper_1
TRACE::2024-10-14.13:04:35::SCWPlatform::Opened existing hwdb system_wrapper_1
TRACE::2024-10-14.13:04:35::SCWPlatform::Found the Hw Db part of the input DSA
TRACE::2024-10-14.13:04:35::SCWMssOS::Checking the sw design at  C:/Users/mdsmith/workspace2/Lab1B/microblaze_0/standalone_domain/bsp/system.mss
TRACE::2024-10-14.13:04:35::SCWMssOS::DEBUG:  swdes dump  C:/Users/mdsmith/workspace2/Lab1B/microblaze_0/standalone_domain/bsp/system.mss|system_0||
C:/Users/mdsmith/workspace2/lab1A/microblaze_0/standalone_domain/bsp/system.mss|system||

TRACE::2024-10-14.13:04:35::SCWMssOS::Sw design exists and opened at  C:/Users/mdsmith/workspace2/Lab1B/microblaze_0/standalone_domain/bsp/system.mss
TRACE::2024-10-14.13:04:35::SCWPlatform::Trying to open the hw design at C:/Users/mdsmith/workspace2/Lab1B/hw/system_wrapper.xsa
TRACE::2024-10-14.13:04:35::SCWPlatform::DSA given C:/Users/mdsmith/workspace2/Lab1B/hw/system_wrapper.xsa
TRACE::2024-10-14.13:04:35::SCWPlatform::DSA absoulate path C:/Users/mdsmith/workspace2/Lab1B/hw/system_wrapper.xsa
TRACE::2024-10-14.13:04:35::SCWPlatform::DSA directory C:/Users/mdsmith/workspace2/Lab1B/hw
TRACE::2024-10-14.13:04:35::SCWPlatform:: Platform Path C:/Users/mdsmith/workspace2/Lab1B/hw/system_wrapper.xsa
TRACE::2024-10-14.13:04:35::SCWPlatform:: Unique name xilinx:::0.0
TRACE::2024-10-14.13:04:35::SCWPlatform::Trying to set the existing hwdb with name system_wrapper_1
TRACE::2024-10-14.13:04:35::SCWPlatform::Opened existing hwdb system_wrapper_1
TRACE::2024-10-14.13:04:35::SCWPlatform::Found the Hw Db part of the input DSA
TRACE::2024-10-14.13:04:35::SCWMssOS::Checking the sw design at  C:/Users/mdsmith/workspace2/Lab1B/microblaze_0/standalone_domain/bsp/system.mss
TRACE::2024-10-14.13:04:35::SCWMssOS::DEBUG:  swdes dump  C:/Users/mdsmith/workspace2/Lab1B/microblaze_0/standalone_domain/bsp/system.mss|system_0||
C:/Users/mdsmith/workspace2/lab1A/microblaze_0/standalone_domain/bsp/system.mss|system||

TRACE::2024-10-14.13:04:35::SCWMssOS::Sw design exists and opened at  C:/Users/mdsmith/workspace2/Lab1B/microblaze_0/standalone_domain/bsp/system.mss
TRACE::2024-10-14.13:04:35::SCWWriter::formatted JSON is {
	"platformName":	"Lab1B",
	"sprVersion":	"2.0",
	"mode":	"gui",
	"dsaType":	"Fixed",
	"platformDesc":	"Lab1B",
	"platHandOff":	"C:/Users/mdsmith/Lab1A/system_wrapper.xsa",
	"platIntHandOff":	"<platformDir>/hw/system_wrapper.xsa",
	"deviceType":	"FPGA",
	"platIsPrebuiltAutogen":	"false",
	"platIsNoBootBsp":	"false",
	"hasFsblMakeHasChanges":	"false",
	"hasPmufwMakeHasChanges":	"false",
	"platPreBuiltFlag":	false,
	"platformSamplesDir":	"",
	"platActiveSys":	"Lab1B",
	"systems":	[{
			"systemName":	"Lab1B",
			"systemDesc":	"Lab1B",
			"sysIsBootAutoGen":	"true",
			"systemDispName":	"Lab1B",
			"sysActiveDom":	"standalone_domain",
			"sysDefaultDom":	"standalone_domain",
			"domains":	[{
					"domainName":	"standalone_domain",
					"domainDispName":	"standalone on microblaze_0",
					"domainDesc":	"standalone_domain",
					"processors":	"microblaze_0",
					"os":	"standalone",
					"sdxOs":	"standalone",
					"debugEnable":	"False",
					"domRuntimes":	["cpp"],
					"swRepo":	"",
					"mssOsVer":	"7.7",
					"mssFile":	"",
					"md5Digest":	"8cb05513029c4c8eb47aa3a9d66bf167",
					"compatibleApp":	"",
					"domType":	"mssDomain",
					"arch":	"32-bit",
					"appSettings":	{
						"appCompilerFlags":	"",
						"appLinkerFlags":	""
					},
					"addedLibs":	[],
					"libOptions":	{
						"libsContainingOptions":	[]
					},
					"prebuiltLibs":	{
						"prebuiltIncPath":	[],
						"prebuiltLibPath":	[]
					},
					"isolation":	{
					}
				}]
		}]
}
TRACE::2024-10-14.13:04:35::SCWPlatform::Clearing the existing platform
TRACE::2024-10-14.13:04:35::SCWSystem::Clearing the existing sysconfig
TRACE::2024-10-14.13:04:35::SCWMssOS::Removing the swdes entry for  C:/Users/mdsmith/workspace2/Lab1B/microblaze_0/standalone_domain/bsp/system.mss
TRACE::2024-10-14.13:04:35::SCWSystem::Clearing the domains completed.
TRACE::2024-10-14.13:04:35::SCWPlatform::Clearing the opened hw db.
TRACE::2024-10-14.13:04:35::SCWPlatform::DSA given C:/Users/mdsmith/workspace2/Lab1B/hw/system_wrapper.xsa
TRACE::2024-10-14.13:04:35::SCWPlatform::DSA absoulate path C:/Users/mdsmith/workspace2/Lab1B/hw/system_wrapper.xsa
TRACE::2024-10-14.13:04:35::SCWPlatform:: Platform location is C:/Users/mdsmith/workspace2/Lab1B/hw
TRACE::2024-10-14.13:04:35::SCWPlatform:: Platform Path C:/Users/mdsmith/workspace2/Lab1B/hw/system_wrapper.xsa
TRACE::2024-10-14.13:04:35::SCWPlatform:: Unique name xilinx:::0.0
TRACE::2024-10-14.13:04:35::SCWPlatform::Removing the HwDB with name C:/Users/mdsmith/workspace2/Lab1B/hw/system_wrapper.xsa
TRACE::2024-10-14.13:04:35::SCWPlatform::Trying to open the hw design at C:/Users/mdsmith/workspace2/Lab1B/hw/system_wrapper.xsa
TRACE::2024-10-14.13:04:35::SCWPlatform::DSA given C:/Users/mdsmith/workspace2/Lab1B/hw/system_wrapper.xsa
TRACE::2024-10-14.13:04:35::SCWPlatform::DSA absoulate path C:/Users/mdsmith/workspace2/Lab1B/hw/system_wrapper.xsa
TRACE::2024-10-14.13:04:35::SCWPlatform::DSA directory C:/Users/mdsmith/workspace2/Lab1B/hw
TRACE::2024-10-14.13:04:35::SCWPlatform:: Platform Path C:/Users/mdsmith/workspace2/Lab1B/hw/system_wrapper.xsa
TRACE::2024-10-14.13:04:35::SCWPlatform:: Unique name xilinx:::0.0
TRACE::2024-10-14.13:04:35::SCWPlatform::Do not have an existing db opened. 
TRACE::2024-10-14.13:04:36::SCWPlatform::Opened new HwDB with name system_wrapper_2
TRACE::2024-10-14.13:04:36::SCWReader::Active system found as  Lab1B
TRACE::2024-10-14.13:04:36::SCWReader::Handling sysconfig Lab1B
TRACE::2024-10-14.13:04:36::SCWDomain::checking for install qemu data   : 
TRACE::2024-10-14.13:04:36::SCWPlatform::Trying to open the hw design at C:/Users/mdsmith/workspace2/Lab1B/hw/system_wrapper.xsa
TRACE::2024-10-14.13:04:36::SCWPlatform::DSA given C:/Users/mdsmith/workspace2/Lab1B/hw/system_wrapper.xsa
TRACE::2024-10-14.13:04:36::SCWPlatform::DSA absoulate path C:/Users/mdsmith/workspace2/Lab1B/hw/system_wrapper.xsa
TRACE::2024-10-14.13:04:36::SCWPlatform::DSA directory C:/Users/mdsmith/workspace2/Lab1B/hw
TRACE::2024-10-14.13:04:36::SCWPlatform:: Platform Path C:/Users/mdsmith/workspace2/Lab1B/hw/system_wrapper.xsa
TRACE::2024-10-14.13:04:36::SCWPlatform:: Unique name xilinx:::0.0
TRACE::2024-10-14.13:04:36::SCWPlatform::Trying to set the existing hwdb with name system_wrapper_2
TRACE::2024-10-14.13:04:36::SCWPlatform::Opened existing hwdb system_wrapper_2
TRACE::2024-10-14.13:04:36::SCWPlatform::Found the Hw Db part of the input DSA
TRACE::2024-10-14.13:04:36::SCWPlatform::Trying to open the hw design at C:/Users/mdsmith/workspace2/Lab1B/hw/system_wrapper.xsa
TRACE::2024-10-14.13:04:36::SCWPlatform::DSA given C:/Users/mdsmith/workspace2/Lab1B/hw/system_wrapper.xsa
TRACE::2024-10-14.13:04:36::SCWPlatform::DSA absoulate path C:/Users/mdsmith/workspace2/Lab1B/hw/system_wrapper.xsa
TRACE::2024-10-14.13:04:36::SCWPlatform::DSA directory C:/Users/mdsmith/workspace2/Lab1B/hw
TRACE::2024-10-14.13:04:36::SCWPlatform:: Platform Path C:/Users/mdsmith/workspace2/Lab1B/hw/system_wrapper.xsa
TRACE::2024-10-14.13:04:36::SCWPlatform:: Unique name xilinx:::0.0
TRACE::2024-10-14.13:04:36::SCWPlatform::Trying to set the existing hwdb with name system_wrapper_2
TRACE::2024-10-14.13:04:36::SCWPlatform::Opened existing hwdb system_wrapper_2
TRACE::2024-10-14.13:04:36::SCWPlatform::Found the Hw Db part of the input DSA
TRACE::2024-10-14.13:04:36::SCWPlatform::Trying to open the hw design at C:/Users/mdsmith/workspace2/Lab1B/hw/system_wrapper.xsa
TRACE::2024-10-14.13:04:36::SCWPlatform::DSA given C:/Users/mdsmith/workspace2/Lab1B/hw/system_wrapper.xsa
TRACE::2024-10-14.13:04:36::SCWPlatform::DSA absoulate path C:/Users/mdsmith/workspace2/Lab1B/hw/system_wrapper.xsa
TRACE::2024-10-14.13:04:36::SCWPlatform::DSA directory C:/Users/mdsmith/workspace2/Lab1B/hw
TRACE::2024-10-14.13:04:36::SCWPlatform:: Platform Path C:/Users/mdsmith/workspace2/Lab1B/hw/system_wrapper.xsa
TRACE::2024-10-14.13:04:36::SCWPlatform:: Unique name xilinx:::0.0
TRACE::2024-10-14.13:04:36::SCWPlatform::Trying to set the existing hwdb with name system_wrapper_2
TRACE::2024-10-14.13:04:36::SCWPlatform::Opened existing hwdb system_wrapper_2
TRACE::2024-10-14.13:04:36::SCWPlatform::Found the Hw Db part of the input DSA
TRACE::2024-10-14.13:04:36::SCWPlatform::Trying to open the hw design at C:/Users/mdsmith/workspace2/Lab1B/hw/system_wrapper.xsa
TRACE::2024-10-14.13:04:36::SCWPlatform::DSA given C:/Users/mdsmith/workspace2/Lab1B/hw/system_wrapper.xsa
TRACE::2024-10-14.13:04:36::SCWPlatform::DSA absoulate path C:/Users/mdsmith/workspace2/Lab1B/hw/system_wrapper.xsa
TRACE::2024-10-14.13:04:36::SCWPlatform::DSA directory C:/Users/mdsmith/workspace2/Lab1B/hw
TRACE::2024-10-14.13:04:36::SCWPlatform:: Platform Path C:/Users/mdsmith/workspace2/Lab1B/hw/system_wrapper.xsa
TRACE::2024-10-14.13:04:36::SCWPlatform:: Unique name xilinx:::0.0
TRACE::2024-10-14.13:04:36::SCWPlatform::Trying to set the existing hwdb with name system_wrapper_2
TRACE::2024-10-14.13:04:36::SCWPlatform::Opened existing hwdb system_wrapper_2
TRACE::2024-10-14.13:04:36::SCWPlatform::Found the Hw Db part of the input DSA
TRACE::2024-10-14.13:04:36::SCWMssOS::Checking the sw design at  C:/Users/mdsmith/workspace2/Lab1B/microblaze_0/standalone_domain/bsp/system.mss
TRACE::2024-10-14.13:04:36::SCWMssOS::DEBUG:  swdes dump  C:/Users/mdsmith/workspace2/lab1A/microblaze_0/standalone_domain/bsp/system.mss|system||

TRACE::2024-10-14.13:04:36::SCWMssOS::No sw design opened at  C:/Users/mdsmith/workspace2/Lab1B/microblaze_0/standalone_domain/bsp/system.mss
TRACE::2024-10-14.13:04:36::SCWMssOS::mss exists loading the mss file  C:/Users/mdsmith/workspace2/Lab1B/microblaze_0/standalone_domain/bsp/system.mss
TRACE::2024-10-14.13:04:36::SCWMssOS::Opened the sw design from mss  C:/Users/mdsmith/workspace2/Lab1B/microblaze_0/standalone_domain/bsp/system.mss
TRACE::2024-10-14.13:04:36::SCWMssOS::Adding the swdes entry C:/Users/mdsmith/workspace2/Lab1B/microblaze_0/standalone_domain/bsp/system.mss with des name system_0
TRACE::2024-10-14.13:04:36::SCWMssOS::updating the scw layer about changes
TRACE::2024-10-14.13:04:36::SCWMssOS::Opened the sw design.  C:/Users/mdsmith/workspace2/Lab1B/microblaze_0/standalone_domain/bsp/system.mss
TRACE::2024-10-14.13:04:36::SCWMssOS::Saving the mss changes C:/Users/mdsmith/workspace2/Lab1B/microblaze_0/standalone_domain/bsp/system.mss
TRACE::2024-10-14.13:04:36::SCWMssOS::Found a swdesign opened with the mssfile.
TRACE::2024-10-14.13:04:36::SCWMssOS::Completed writemss as part of save.
TRACE::2024-10-14.13:04:36::SCWMssOS::Commit changes completed.
TRACE::2024-10-14.13:04:36::SCWReader::Adding prebuilt librarypaths as   
TRACE::2024-10-14.13:04:36::SCWReader::Adding prebuilt incpaths  as   
TRACE::2024-10-14.13:04:36::SCWPlatform::Trying to open the hw design at C:/Users/mdsmith/workspace2/Lab1B/hw/system_wrapper.xsa
TRACE::2024-10-14.13:04:36::SCWPlatform::DSA given C:/Users/mdsmith/workspace2/Lab1B/hw/system_wrapper.xsa
TRACE::2024-10-14.13:04:36::SCWPlatform::DSA absoulate path C:/Users/mdsmith/workspace2/Lab1B/hw/system_wrapper.xsa
TRACE::2024-10-14.13:04:36::SCWPlatform::DSA directory C:/Users/mdsmith/workspace2/Lab1B/hw
TRACE::2024-10-14.13:04:36::SCWPlatform:: Platform Path C:/Users/mdsmith/workspace2/Lab1B/hw/system_wrapper.xsa
TRACE::2024-10-14.13:04:36::SCWPlatform:: Unique name xilinx:::0.0
TRACE::2024-10-14.13:04:36::SCWPlatform::Trying to set the existing hwdb with name system_wrapper_2
TRACE::2024-10-14.13:04:36::SCWPlatform::Opened existing hwdb system_wrapper_2
TRACE::2024-10-14.13:04:36::SCWPlatform::Found the Hw Db part of the input DSA
TRACE::2024-10-14.13:04:36::SCWMssOS::Checking the sw design at  C:/Users/mdsmith/workspace2/Lab1B/microblaze_0/standalone_domain/bsp/system.mss
TRACE::2024-10-14.13:04:36::SCWMssOS::DEBUG:  swdes dump  C:/Users/mdsmith/workspace2/Lab1B/microblaze_0/standalone_domain/bsp/system.mss|system_0||
C:/Users/mdsmith/workspace2/lab1A/microblaze_0/standalone_domain/bsp/system.mss|system||

TRACE::2024-10-14.13:04:36::SCWMssOS::Sw design exists and opened at  C:/Users/mdsmith/workspace2/Lab1B/microblaze_0/standalone_domain/bsp/system.mss
TRACE::2024-10-14.13:04:36::SCWReader::No isolation master present  
TRACE::2024-10-14.13:11:40::SCWPlatform::Trying to open the hw design at C:/Users/mdsmith/workspace2/Lab1B/hw/system_wrapper.xsa
TRACE::2024-10-14.13:11:40::SCWPlatform::DSA given C:/Users/mdsmith/workspace2/Lab1B/hw/system_wrapper.xsa
TRACE::2024-10-14.13:11:40::SCWPlatform::DSA absoulate path C:/Users/mdsmith/workspace2/Lab1B/hw/system_wrapper.xsa
TRACE::2024-10-14.13:11:40::SCWPlatform::DSA directory C:/Users/mdsmith/workspace2/Lab1B/hw
TRACE::2024-10-14.13:11:40::SCWPlatform:: Platform Path C:/Users/mdsmith/workspace2/Lab1B/hw/system_wrapper.xsa
TRACE::2024-10-14.13:11:40::SCWPlatform:: Unique name xilinx:::0.0
TRACE::2024-10-14.13:11:40::SCWPlatform::Trying to set the existing hwdb with name system_wrapper_2
TRACE::2024-10-14.13:11:40::SCWPlatform::Opened existing hwdb system_wrapper_2
TRACE::2024-10-14.13:11:40::SCWPlatform::Found the Hw Db part of the input DSA
TRACE::2024-10-14.13:11:40::SCWMssOS::Checking the sw design at  C:/Users/mdsmith/workspace2/Lab1B/microblaze_0/standalone_domain/bsp/system.mss
TRACE::2024-10-14.13:11:40::SCWMssOS::DEBUG:  swdes dump  C:/Users/mdsmith/workspace2/Lab1B/microblaze_0/standalone_domain/bsp/system.mss|system_0||
C:/Users/mdsmith/workspace2/lab1A/microblaze_0/standalone_domain/bsp/system.mss|system||

TRACE::2024-10-14.13:11:40::SCWMssOS::Sw design exists and opened at  C:/Users/mdsmith/workspace2/Lab1B/microblaze_0/standalone_domain/bsp/system.mss
TRACE::2024-10-14.13:11:40::SCWMssOS::In reload Mss file.
TRACE::2024-10-14.13:11:40::SCWPlatform::Trying to open the hw design at C:/Users/mdsmith/workspace2/Lab1B/hw/system_wrapper.xsa
TRACE::2024-10-14.13:11:40::SCWPlatform::DSA given C:/Users/mdsmith/workspace2/Lab1B/hw/system_wrapper.xsa
TRACE::2024-10-14.13:11:40::SCWPlatform::DSA absoulate path C:/Users/mdsmith/workspace2/Lab1B/hw/system_wrapper.xsa
TRACE::2024-10-14.13:11:40::SCWPlatform::DSA directory C:/Users/mdsmith/workspace2/Lab1B/hw
TRACE::2024-10-14.13:11:40::SCWPlatform:: Platform Path C:/Users/mdsmith/workspace2/Lab1B/hw/system_wrapper.xsa
TRACE::2024-10-14.13:11:40::SCWPlatform:: Unique name xilinx:::0.0
TRACE::2024-10-14.13:11:40::SCWPlatform::Trying to set the existing hwdb with name system_wrapper_2
TRACE::2024-10-14.13:11:40::SCWPlatform::Opened existing hwdb system_wrapper_2
TRACE::2024-10-14.13:11:40::SCWPlatform::Found the Hw Db part of the input DSA
TRACE::2024-10-14.13:11:40::SCWMssOS::Checking the sw design at  C:/Users/mdsmith/workspace2/Lab1B/microblaze_0/standalone_domain/bsp/system.mss
TRACE::2024-10-14.13:11:40::SCWMssOS::DEBUG:  swdes dump  C:/Users/mdsmith/workspace2/lab1A/microblaze_0/standalone_domain/bsp/system.mss|system||

TRACE::2024-10-14.13:11:40::SCWMssOS::No sw design opened at  C:/Users/mdsmith/workspace2/Lab1B/microblaze_0/standalone_domain/bsp/system.mss
TRACE::2024-10-14.13:11:40::SCWMssOS::mss exists loading the mss file  C:/Users/mdsmith/workspace2/Lab1B/microblaze_0/standalone_domain/bsp/system.mss
TRACE::2024-10-14.13:11:40::SCWMssOS::Opened the sw design from mss  C:/Users/mdsmith/workspace2/Lab1B/microblaze_0/standalone_domain/bsp/system.mss
TRACE::2024-10-14.13:11:40::SCWMssOS::Adding the swdes entry C:/Users/mdsmith/workspace2/Lab1B/microblaze_0/standalone_domain/bsp/system.mss with des name system_0
TRACE::2024-10-14.13:11:40::SCWMssOS::updating the scw layer about changes
TRACE::2024-10-14.13:11:40::SCWMssOS::Opened the sw design.  C:/Users/mdsmith/workspace2/Lab1B/microblaze_0/standalone_domain/bsp/system.mss
TRACE::2024-10-14.13:11:40::SCWMssOS::Saving the mss changes C:/Users/mdsmith/workspace2/Lab1B/microblaze_0/standalone_domain/bsp/system.mss
TRACE::2024-10-14.13:11:40::SCWMssOS::Found a swdesign opened with the mssfile.
TRACE::2024-10-14.13:11:40::SCWMssOS::Completed writemss as part of save.
TRACE::2024-10-14.13:11:40::SCWMssOS::Commit changes completed.
TRACE::2024-10-14.13:11:40::SCWPlatform::Trying to open the hw design at C:/Users/mdsmith/workspace2/Lab1B/hw/system_wrapper.xsa
TRACE::2024-10-14.13:11:40::SCWPlatform::DSA given C:/Users/mdsmith/workspace2/Lab1B/hw/system_wrapper.xsa
TRACE::2024-10-14.13:11:40::SCWPlatform::DSA absoulate path C:/Users/mdsmith/workspace2/Lab1B/hw/system_wrapper.xsa
TRACE::2024-10-14.13:11:40::SCWPlatform::DSA directory C:/Users/mdsmith/workspace2/Lab1B/hw
TRACE::2024-10-14.13:11:40::SCWPlatform:: Platform Path C:/Users/mdsmith/workspace2/Lab1B/hw/system_wrapper.xsa
TRACE::2024-10-14.13:11:40::SCWPlatform:: Unique name xilinx:::0.0
TRACE::2024-10-14.13:11:40::SCWPlatform::Trying to set the existing hwdb with name system_wrapper_2
TRACE::2024-10-14.13:11:40::SCWPlatform::Opened existing hwdb system_wrapper_2
TRACE::2024-10-14.13:11:40::SCWPlatform::Found the Hw Db part of the input DSA
TRACE::2024-10-14.13:11:40::SCWMssOS::Checking the sw design at  C:/Users/mdsmith/workspace2/Lab1B/microblaze_0/standalone_domain/bsp/system.mss
TRACE::2024-10-14.13:11:40::SCWMssOS::DEBUG:  swdes dump  C:/Users/mdsmith/workspace2/Lab1B/microblaze_0/standalone_domain/bsp/system.mss|system_0||
C:/Users/mdsmith/workspace2/lab1A/microblaze_0/standalone_domain/bsp/system.mss|system||

TRACE::2024-10-14.13:11:40::SCWMssOS::Sw design exists and opened at  C:/Users/mdsmith/workspace2/Lab1B/microblaze_0/standalone_domain/bsp/system.mss
TRACE::2024-10-14.13:11:40::SCWMssOS::Removing the swdes entry for  C:/Users/mdsmith/workspace2/Lab1B/microblaze_0/standalone_domain/bsp/system.mss
TRACE::2024-10-14.13:12:02::SCWPlatform::Trying to open the hw design at C:/Users/mdsmith/workspace2/Lab1B/hw/system_wrapper.xsa
TRACE::2024-10-14.13:12:02::SCWPlatform::DSA given C:/Users/mdsmith/workspace2/Lab1B/hw/system_wrapper.xsa
TRACE::2024-10-14.13:12:02::SCWPlatform::DSA absoulate path C:/Users/mdsmith/workspace2/Lab1B/hw/system_wrapper.xsa
TRACE::2024-10-14.13:12:02::SCWPlatform::DSA directory C:/Users/mdsmith/workspace2/Lab1B/hw
TRACE::2024-10-14.13:12:02::SCWPlatform:: Platform Path C:/Users/mdsmith/workspace2/Lab1B/hw/system_wrapper.xsa
TRACE::2024-10-14.13:12:02::SCWPlatform:: Unique name xilinx:::0.0
TRACE::2024-10-14.13:12:02::SCWPlatform::Trying to set the existing hwdb with name system_wrapper_2
TRACE::2024-10-14.13:12:02::SCWPlatform::Opened existing hwdb system_wrapper_2
TRACE::2024-10-14.13:12:02::SCWPlatform::Found the Hw Db part of the input DSA
TRACE::2024-10-14.13:12:02::SCWMssOS::Checking the sw design at  C:/Users/mdsmith/workspace2/Lab1B/microblaze_0/standalone_domain/bsp/system.mss
TRACE::2024-10-14.13:12:02::SCWMssOS::DEBUG:  swdes dump  C:/Users/mdsmith/workspace2/lab1A/microblaze_0/standalone_domain/bsp/system.mss|system||

TRACE::2024-10-14.13:12:02::SCWMssOS::No sw design opened at  C:/Users/mdsmith/workspace2/Lab1B/microblaze_0/standalone_domain/bsp/system.mss
TRACE::2024-10-14.13:12:02::SCWMssOS::mss exists loading the mss file  C:/Users/mdsmith/workspace2/Lab1B/microblaze_0/standalone_domain/bsp/system.mss
TRACE::2024-10-14.13:12:02::SCWMssOS::Opened the sw design from mss  C:/Users/mdsmith/workspace2/Lab1B/microblaze_0/standalone_domain/bsp/system.mss
TRACE::2024-10-14.13:12:02::SCWMssOS::Adding the swdes entry C:/Users/mdsmith/workspace2/Lab1B/microblaze_0/standalone_domain/bsp/system.mss with des name system_0
TRACE::2024-10-14.13:12:02::SCWMssOS::updating the scw layer about changes
TRACE::2024-10-14.13:12:02::SCWMssOS::Opened the sw design.  C:/Users/mdsmith/workspace2/Lab1B/microblaze_0/standalone_domain/bsp/system.mss
TRACE::2024-10-14.13:13:53::SCWMssOS::In reload Mss file.
TRACE::2024-10-14.13:13:53::SCWPlatform::Trying to open the hw design at C:/Users/mdsmith/workspace2/Lab1B/hw/system_wrapper.xsa
TRACE::2024-10-14.13:13:53::SCWPlatform::DSA given C:/Users/mdsmith/workspace2/Lab1B/hw/system_wrapper.xsa
TRACE::2024-10-14.13:13:53::SCWPlatform::DSA absoulate path C:/Users/mdsmith/workspace2/Lab1B/hw/system_wrapper.xsa
TRACE::2024-10-14.13:13:53::SCWPlatform::DSA directory C:/Users/mdsmith/workspace2/Lab1B/hw
TRACE::2024-10-14.13:13:53::SCWPlatform:: Platform Path C:/Users/mdsmith/workspace2/Lab1B/hw/system_wrapper.xsa
TRACE::2024-10-14.13:13:53::SCWPlatform:: Unique name xilinx:::0.0
TRACE::2024-10-14.13:13:53::SCWPlatform::Trying to set the existing hwdb with name system_wrapper_2
TRACE::2024-10-14.13:13:53::SCWPlatform::Opened existing hwdb system_wrapper_2
TRACE::2024-10-14.13:13:53::SCWPlatform::Found the Hw Db part of the input DSA
TRACE::2024-10-14.13:13:53::SCWMssOS::Checking the sw design at  C:/Users/mdsmith/workspace2/Lab1B/microblaze_0/standalone_domain/bsp/system.mss
TRACE::2024-10-14.13:13:53::SCWMssOS::DEBUG:  swdes dump  C:/Users/mdsmith/workspace2/lab1A/microblaze_0/standalone_domain/bsp/system.mss|system||

TRACE::2024-10-14.13:13:53::SCWMssOS::No sw design opened at  C:/Users/mdsmith/workspace2/Lab1B/microblaze_0/standalone_domain/bsp/system.mss
TRACE::2024-10-14.13:13:53::SCWMssOS::mss exists loading the mss file  C:/Users/mdsmith/workspace2/Lab1B/microblaze_0/standalone_domain/bsp/system.mss
TRACE::2024-10-14.13:13:53::SCWMssOS::Opened the sw design from mss  C:/Users/mdsmith/workspace2/Lab1B/microblaze_0/standalone_domain/bsp/system.mss
TRACE::2024-10-14.13:13:53::SCWMssOS::Adding the swdes entry C:/Users/mdsmith/workspace2/Lab1B/microblaze_0/standalone_domain/bsp/system.mss with des name system_0
TRACE::2024-10-14.13:13:53::SCWMssOS::updating the scw layer about changes
TRACE::2024-10-14.13:13:53::SCWMssOS::Opened the sw design.  C:/Users/mdsmith/workspace2/Lab1B/microblaze_0/standalone_domain/bsp/system.mss
TRACE::2024-10-14.13:13:53::SCWMssOS::Saving the mss changes C:/Users/mdsmith/workspace2/Lab1B/microblaze_0/standalone_domain/bsp/system.mss
TRACE::2024-10-14.13:13:53::SCWMssOS::Found a swdesign opened with the mssfile.
TRACE::2024-10-14.13:13:53::SCWMssOS::Completed writemss as part of save.
TRACE::2024-10-14.13:13:53::SCWMssOS::Commit changes completed.
TRACE::2024-10-14.13:13:53::SCWPlatform::Trying to open the hw design at C:/Users/mdsmith/workspace2/Lab1B/hw/system_wrapper.xsa
TRACE::2024-10-14.13:13:53::SCWPlatform::DSA given C:/Users/mdsmith/workspace2/Lab1B/hw/system_wrapper.xsa
TRACE::2024-10-14.13:13:53::SCWPlatform::DSA absoulate path C:/Users/mdsmith/workspace2/Lab1B/hw/system_wrapper.xsa
TRACE::2024-10-14.13:13:53::SCWPlatform::DSA directory C:/Users/mdsmith/workspace2/Lab1B/hw
TRACE::2024-10-14.13:13:53::SCWPlatform:: Platform Path C:/Users/mdsmith/workspace2/Lab1B/hw/system_wrapper.xsa
TRACE::2024-10-14.13:13:53::SCWPlatform:: Unique name xilinx:::0.0
TRACE::2024-10-14.13:13:53::SCWPlatform::Trying to set the existing hwdb with name system_wrapper_2
TRACE::2024-10-14.13:13:53::SCWPlatform::Opened existing hwdb system_wrapper_2
TRACE::2024-10-14.13:13:53::SCWPlatform::Found the Hw Db part of the input DSA
TRACE::2024-10-14.13:13:53::SCWMssOS::Checking the sw design at  C:/Users/mdsmith/workspace2/Lab1B/microblaze_0/standalone_domain/bsp/system.mss
TRACE::2024-10-14.13:13:53::SCWMssOS::DEBUG:  swdes dump  C:/Users/mdsmith/workspace2/Lab1B/microblaze_0/standalone_domain/bsp/system.mss|system_0||
C:/Users/mdsmith/workspace2/lab1A/microblaze_0/standalone_domain/bsp/system.mss|system||

TRACE::2024-10-14.13:13:53::SCWMssOS::Sw design exists and opened at  C:/Users/mdsmith/workspace2/Lab1B/microblaze_0/standalone_domain/bsp/system.mss
TRACE::2024-10-14.13:13:53::SCWMssOS::Removing the swdes entry for  C:/Users/mdsmith/workspace2/Lab1B/microblaze_0/standalone_domain/bsp/system.mss
TRACE::2024-10-14.13:15:09::SCWPlatform::Trying to open the hw design at C:/Users/mdsmith/workspace2/Lab1B/hw/system_wrapper.xsa
TRACE::2024-10-14.13:15:09::SCWPlatform::DSA given C:/Users/mdsmith/workspace2/Lab1B/hw/system_wrapper.xsa
TRACE::2024-10-14.13:15:09::SCWPlatform::DSA absoulate path C:/Users/mdsmith/workspace2/Lab1B/hw/system_wrapper.xsa
TRACE::2024-10-14.13:15:09::SCWPlatform::DSA directory C:/Users/mdsmith/workspace2/Lab1B/hw
TRACE::2024-10-14.13:15:09::SCWPlatform:: Platform Path C:/Users/mdsmith/workspace2/Lab1B/hw/system_wrapper.xsa
TRACE::2024-10-14.13:15:09::SCWPlatform:: Unique name xilinx:::0.0
TRACE::2024-10-14.13:15:09::SCWPlatform::Trying to set the existing hwdb with name system_wrapper_2
TRACE::2024-10-14.13:15:09::SCWPlatform::Opened existing hwdb system_wrapper_2
TRACE::2024-10-14.13:15:09::SCWPlatform::Found the Hw Db part of the input DSA
TRACE::2024-10-14.13:15:09::SCWMssOS::Checking the sw design at  C:/Users/mdsmith/workspace2/Lab1B/microblaze_0/standalone_domain/bsp/system.mss
TRACE::2024-10-14.13:15:09::SCWMssOS::DEBUG:  swdes dump  C:/Users/mdsmith/workspace2/lab1A/microblaze_0/standalone_domain/bsp/system.mss|system||

TRACE::2024-10-14.13:15:09::SCWMssOS::No sw design opened at  C:/Users/mdsmith/workspace2/Lab1B/microblaze_0/standalone_domain/bsp/system.mss
TRACE::2024-10-14.13:15:09::SCWMssOS::mss exists loading the mss file  C:/Users/mdsmith/workspace2/Lab1B/microblaze_0/standalone_domain/bsp/system.mss
TRACE::2024-10-14.13:15:09::SCWMssOS::Opened the sw design from mss  C:/Users/mdsmith/workspace2/Lab1B/microblaze_0/standalone_domain/bsp/system.mss
TRACE::2024-10-14.13:15:09::SCWMssOS::Adding the swdes entry C:/Users/mdsmith/workspace2/Lab1B/microblaze_0/standalone_domain/bsp/system.mss with des name system_1
TRACE::2024-10-14.13:15:09::SCWMssOS::updating the scw layer about changes
TRACE::2024-10-14.13:15:09::SCWMssOS::Opened the sw design.  C:/Users/mdsmith/workspace2/Lab1B/microblaze_0/standalone_domain/bsp/system.mss
TRACE::2024-10-14.13:15:58::SCWMssOS::In reload Mss file.
TRACE::2024-10-14.13:15:58::SCWPlatform::Trying to open the hw design at C:/Users/mdsmith/workspace2/Lab1B/hw/system_wrapper.xsa
TRACE::2024-10-14.13:15:58::SCWPlatform::DSA given C:/Users/mdsmith/workspace2/Lab1B/hw/system_wrapper.xsa
TRACE::2024-10-14.13:15:58::SCWPlatform::DSA absoulate path C:/Users/mdsmith/workspace2/Lab1B/hw/system_wrapper.xsa
TRACE::2024-10-14.13:15:58::SCWPlatform::DSA directory C:/Users/mdsmith/workspace2/Lab1B/hw
TRACE::2024-10-14.13:15:58::SCWPlatform:: Platform Path C:/Users/mdsmith/workspace2/Lab1B/hw/system_wrapper.xsa
TRACE::2024-10-14.13:15:58::SCWPlatform:: Unique name xilinx:::0.0
TRACE::2024-10-14.13:15:58::SCWPlatform::Trying to set the existing hwdb with name system_wrapper_2
TRACE::2024-10-14.13:15:58::SCWPlatform::Opened existing hwdb system_wrapper_2
TRACE::2024-10-14.13:15:58::SCWPlatform::Found the Hw Db part of the input DSA
TRACE::2024-10-14.13:15:58::SCWMssOS::Checking the sw design at  C:/Users/mdsmith/workspace2/Lab1B/microblaze_0/standalone_domain/bsp/system.mss
TRACE::2024-10-14.13:15:58::SCWMssOS::DEBUG:  swdes dump  C:/Users/mdsmith/workspace2/lab1A/microblaze_0/standalone_domain/bsp/system.mss|system||

TRACE::2024-10-14.13:15:58::SCWMssOS::No sw design opened at  C:/Users/mdsmith/workspace2/Lab1B/microblaze_0/standalone_domain/bsp/system.mss
TRACE::2024-10-14.13:15:58::SCWMssOS::mss exists loading the mss file  C:/Users/mdsmith/workspace2/Lab1B/microblaze_0/standalone_domain/bsp/system.mss
TRACE::2024-10-14.13:15:58::SCWMssOS::Opened the sw design from mss  C:/Users/mdsmith/workspace2/Lab1B/microblaze_0/standalone_domain/bsp/system.mss
TRACE::2024-10-14.13:15:58::SCWMssOS::Adding the swdes entry C:/Users/mdsmith/workspace2/Lab1B/microblaze_0/standalone_domain/bsp/system.mss with des name system_1
TRACE::2024-10-14.13:15:58::SCWMssOS::updating the scw layer about changes
TRACE::2024-10-14.13:15:58::SCWMssOS::Opened the sw design.  C:/Users/mdsmith/workspace2/Lab1B/microblaze_0/standalone_domain/bsp/system.mss
TRACE::2024-10-14.13:15:58::SCWMssOS::Saving the mss changes C:/Users/mdsmith/workspace2/Lab1B/microblaze_0/standalone_domain/bsp/system.mss
TRACE::2024-10-14.13:15:58::SCWMssOS::Found a swdesign opened with the mssfile.
TRACE::2024-10-14.13:15:58::SCWMssOS::Completed writemss as part of save.
TRACE::2024-10-14.13:15:58::SCWMssOS::Commit changes completed.
TRACE::2024-10-14.13:15:58::SCWPlatform::Trying to open the hw design at C:/Users/mdsmith/workspace2/Lab1B/hw/system_wrapper.xsa
TRACE::2024-10-14.13:15:58::SCWPlatform::DSA given C:/Users/mdsmith/workspace2/Lab1B/hw/system_wrapper.xsa
TRACE::2024-10-14.13:15:58::SCWPlatform::DSA absoulate path C:/Users/mdsmith/workspace2/Lab1B/hw/system_wrapper.xsa
TRACE::2024-10-14.13:15:58::SCWPlatform::DSA directory C:/Users/mdsmith/workspace2/Lab1B/hw
TRACE::2024-10-14.13:15:58::SCWPlatform:: Platform Path C:/Users/mdsmith/workspace2/Lab1B/hw/system_wrapper.xsa
TRACE::2024-10-14.13:15:58::SCWPlatform:: Unique name xilinx:::0.0
TRACE::2024-10-14.13:15:58::SCWPlatform::Trying to set the existing hwdb with name system_wrapper_2
TRACE::2024-10-14.13:15:58::SCWPlatform::Opened existing hwdb system_wrapper_2
TRACE::2024-10-14.13:15:58::SCWPlatform::Found the Hw Db part of the input DSA
TRACE::2024-10-14.13:15:58::SCWMssOS::Checking the sw design at  C:/Users/mdsmith/workspace2/Lab1B/microblaze_0/standalone_domain/bsp/system.mss
TRACE::2024-10-14.13:15:58::SCWMssOS::DEBUG:  swdes dump  C:/Users/mdsmith/workspace2/Lab1B/microblaze_0/standalone_domain/bsp/system.mss|system_1||
C:/Users/mdsmith/workspace2/lab1A/microblaze_0/standalone_domain/bsp/system.mss|system||

TRACE::2024-10-14.13:15:58::SCWMssOS::Sw design exists and opened at  C:/Users/mdsmith/workspace2/Lab1B/microblaze_0/standalone_domain/bsp/system.mss
TRACE::2024-10-14.13:15:58::SCWMssOS::Removing the swdes entry for  C:/Users/mdsmith/workspace2/Lab1B/microblaze_0/standalone_domain/bsp/system.mss
